
> frontend@1.4.0 build
> tsc && vite build

vite v5.4.21 building for production...
transforming...
Found 1 warning while optimizing generated CSS:

[2m│   }[22m
[2m│ }[22m
[2m│[22m @import url('https://fonts.googleapis.com/css2?family=Inter:wght@400;500;600;700;800;900&family=Onest:wght@400;500;600;700;800;900&display=swap');
[2m┆[22m        [33m[2m^--[22m @import rules must precede all rules aside from @charset and @layer statements[39m
[2m┆[22m
[2m│ :root {[22m
[2m│   --color-surface: #FFFFFF;[22m

✓ 1970 modules transformed.
rendering chunks...
computing gzip size...
dist/registerSW.js                       0.13 kB
dist/manifest.webmanifest                0.35 kB
dist/index.html                          1.44 kB │ gzip:   0.66 kB
dist/assets/index-CpMyBA4c.css         176.01 kB │ gzip:  22.17 kB
dist/assets/loader-2-CWtK7Oeh.js         0.31 kB │ gzip:   0.25 kB
dist/assets/arrow-right-CCMMglBb.js      0.33 kB │ gzip:   0.26 kB
dist/assets/send-BvUfodBO.js             0.34 kB │ gzip:   0.27 kB
dist/assets/ListSkeleton-CTKYB-eM.js     0.54 kB │ gzip:   0.32 kB
dist/assets/trending-up-ohD4mTqq.js      0.74 kB │ gzip:   0.37 kB
dist/assets/star-CBt600uY.js             0.78 kB │ gzip:   0.42 kB
dist/assets/lock-B62s2oXl.js             0.89 kB │ gzip:   0.44 kB
dist/assets/LazyImage-DhFhzCOX.js        0.94 kB │ gzip:   0.56 kB
dist/assets/user-plus-CqKlwKIJ.js        2.17 kB │ gzip:   0.66 kB
dist/assets/vendor-charts-c4n5JCAS.js    2.59 kB │ gzip:   1.14 kB
dist/assets/Leaderboard-IfAjDEZA.js      6.22 kB │ gzip:   2.19 kB
dist/assets/Subscription-oZ5NseOk.js     8.92 kB │ gzip:   2.89 kB
dist/assets/Trans-DTiE__aw.js           10.25 kB │ gzip:   4.48 kB
dist/assets/Cards-BFQPzzvy.js           13.76 kB │ gzip:   4.32 kB
dist/assets/Dashboard-DVfcIWsp.js       60.46 kB │ gzip:  14.75 kB
dist/assets/Referral-C3MlVxzD.js        61.88 kB │ gzip:  15.15 kB
dist/assets/Community-zYil29hT.js       76.14 kB │ gzip:  19.99 kB
dist/assets/vendor-react-8ful9yjq.js   133.96 kB │ gzip:  43.15 kB
dist/assets/index-D9Pwnt1Y.js          238.71 kB │ gzip:  83.08 kB
dist/assets/vendor-ui-BjbYPqWh.js      544.73 kB │ gzip: 167.00 kB
✓ built in 2.37s

✨ [vite-plugin-compression]:algorithm=gzip - compressed file successfully: 
dist//Users/grandmaestro/Documents/P2PHub/frontend/assets/Leaderboard-IfAjDEZA.js.gz     6.08kb / gzip: 2.14kb
dist//Users/grandmaestro/Documents/P2PHub/frontend/assets/Trans-DTiE__aw.js.gz           10.01kb / gzip: 4.37kb
dist//Users/grandmaestro/Documents/P2PHub/frontend/assets/Cards-BFQPzzvy.js.gz           13.44kb / gzip: 4.21kb
dist//Users/grandmaestro/Documents/P2PHub/frontend/assets/Subscription-oZ5NseOk.js.gz    8.71kb / gzip: 2.82kb
dist//Users/grandmaestro/Documents/P2PHub/frontend/assets/user-plus-CqKlwKIJ.js.gz       2.12kb / gzip: 0.64kb
dist//Users/grandmaestro/Documents/P2PHub/frontend/assets/vendor-charts-c4n5JCAS.js.gz   2.52kb / gzip: 1.11kb
dist//Users/grandmaestro/Documents/P2PHub/frontend/index.html.gz                         1.41kb / gzip: 0.64kb
dist//Users/grandmaestro/Documents/P2PHub/frontend/assets/Referral-C3MlVxzD.js.gz        60.43kb / gzip: 14.68kb
dist//Users/grandmaestro/Documents/P2PHub/frontend/assets/Dashboard-DVfcIWsp.js.gz       59.05kb / gzip: 14.35kb
dist//Users/grandmaestro/Documents/P2PHub/frontend/assets/Community-zYil29hT.js.gz       74.36kb / gzip: 19.44kb
dist//Users/grandmaestro/Documents/P2PHub/frontend/assets/index-CpMyBA4c.css.gz          171.88kb / gzip: 21.19kb
dist//Users/grandmaestro/Documents/P2PHub/frontend/assets/vendor-react-8ful9yjq.js.gz    130.82kb / gzip: 42.08kb
dist//Users/grandmaestro/Documents/P2PHub/frontend/assets/index-D9Pwnt1Y.js.gz           240.23kb / gzip: 81.06kb
dist//Users/grandmaestro/Documents/P2PHub/frontend/assets/vendor-ui-BjbYPqWh.js.gz       534.83kb / gzip: 162.76kb



✨ [36m[vite-plugin-image-optimizer][39m - optimized images successfully: 
[2mdist[22m/[94mviral-invite.jpg[39m   [90m[31m+11%[39m[90m    [39m [33m[1mskipped[22m[39m [2moriginal: 225.07 kB <= optimized: 251.54 kB[22m
[2mdist[22m/[94mlogo.png[39m           [90m[32m-73%[39m[90m   [39m [2m534.07 kB ⭢  145.15 kB[22m
[2mdist[22m/[94mlogo.webp[39m          [90m[31m+81%[39m[90m    [39m [33m[1mskipped[22m[39m [2moriginal: 58.63 kB <= optimized: 106.32 kB[22m
[2mdist[22m/[94mviral-invite.webp[39m  [90m[31m+377%[39m[90m   [39m [33m[1mskipped[22m[39m [2moriginal: 230.99 kB <= optimized: 1102.32 kB[22m

💰 total savings = [32m388.92kB[39m/[32m534.07kB[39m ≈ [32m73%[39m


error during build:
Error: Unable to write the service worker file. 'EPERM: operation not permitted, mkdir '/private/var/folders/j9/tk0p372x2r1c7_f_7fx5bv_80000gn/T/0356ac645b2a759f717cdd854231b71d''
    at writeSWUsingDefaultTemplate (/Users/grandmaestro/Documents/P2PHub/frontend/node_modules/workbox-build/build/lib/write-sw-using-default-template.js:68:15)
    at async generateSW (/Users/grandmaestro/Documents/P2PHub/frontend/node_modules/workbox-build/build/generate-sw.js:95:23)
    at async generateServiceWorker (file:///Users/grandmaestro/Documents/P2PHub/frontend/node_modules/vite-plugin-pwa/dist/index.js:208:23)
    at async _generateSW (file:///Users/grandmaestro/Documents/P2PHub/frontend/node_modules/vite-plugin-pwa/dist/index.js:234:5)
    at async Object.handler (file:///Users/grandmaestro/Documents/P2PHub/frontend/node_modules/vite-plugin-pwa/dist/index.js:427:13)
    at async PluginDriver.hookParallel (file:///Users/grandmaestro/Documents/P2PHub/frontend/node_modules/rollup/dist/es/shared/node-entry.js:22452:17)
    at async Object.close (file:///Users/grandmaestro/Documents/P2PHub/frontend/node_modules/rollup/dist/es/shared/node-entry.js:23471:13)
    at async build (file:///Users/grandmaestro/Documents/P2PHub/frontend/node_modules/vite/dist/node/chunks/dep-BK3b2jBa.js:65732:17)
    at async CAC.<anonymous> (file:///Users/grandmaestro/Documents/P2PHub/frontend/node_modules/vite/dist/node/cli.js:829:5)
