0 verbose cli /usr/local/bin/node /usr/local/bin/npm
1 info using npm@11.6.2
2 info using node@v24.12.0
3 silly config load:file:/usr/local/lib/node_modules/npm/npmrc
4 silly config load:file:/Users/grandmaestro/Documents/P2PHub/frontend/.npmrc
5 silly config load:file:/Users/grandmaestro/.npmrc
6 silly config load:file:/Users/grandmaestro/Documents/Pintopay Partner/tools/etc/npmrc
7 verbose title npm install vite-plugin-image-optimizer sharp svgo vite-plugin-compression
8 verbose argv "install" "vite-plugin-image-optimizer" "sharp" "svgo" "vite-plugin-compression" "--save-dev" "--cache" "./local_npm_cache"
9 verbose logfile logs-max:10 dir:/Users/grandmaestro/Documents/P2PHub/frontend/local_npm_cache/_logs/2026-02-09T17_06_17_816Z-
10 verbose logfile /Users/grandmaestro/Documents/P2PHub/frontend/local_npm_cache/_logs/2026-02-09T17_06_17_816Z-debug-0.log
11 silly logfile done cleaning log files
12 silly packumentCache heap:4496293888 maxSize:1124073472 maxEntrySize:562036736
13 silly idealTree buildDeps
14 silly fetch manifest vite-plugin-image-optimizer@*
15 silly packumentCache full:https://registry.npmjs.org/vite-plugin-image-optimizer cache-miss
16 http fetch GET 200 https://registry.npmjs.org/vite-plugin-image-optimizer 540ms (cache miss)
17 silly packumentCache full:https://registry.npmjs.org/vite-plugin-image-optimizer set size:undefined disposed:false
18 silly fetch manifest sharp@*
19 silly packumentCache full:https://registry.npmjs.org/sharp cache-miss
20 http fetch GET 200 https://registry.npmjs.org/npm 871ms
21 http fetch GET 200 https://registry.npmjs.org/sharp 404ms (cache miss)
22 silly packumentCache full:https://registry.npmjs.org/sharp set size:undefined disposed:false
23 silly fetch manifest svgo@*
24 silly packumentCache full:https://registry.npmjs.org/svgo cache-miss
25 http fetch GET 200 https://registry.npmjs.org/svgo 157ms (cache miss)
26 silly packumentCache full:https://registry.npmjs.org/svgo set size:undefined disposed:false
27 silly fetch manifest vite@^5.1.0
28 silly packumentCache full:https://registry.npmjs.org/vite cache-miss
29 http fetch GET 200 https://registry.npmjs.org/vite 2827ms (cache miss)
30 silly packumentCache full:https://registry.npmjs.org/vite set size:undefined disposed:false
31 silly fetch manifest @types/node@^18.0.0 || >=20.0.0
32 silly packumentCache full:https://registry.npmjs.org/@types%2fnode cache-miss
33 http fetch GET 200 https://registry.npmjs.org/@types%2fnode 3031ms (cache miss)
34 silly packumentCache full:https://registry.npmjs.org/@types%2fnode set size:undefined disposed:false
35 silly fetch manifest less@*
36 silly packumentCache full:https://registry.npmjs.org/less cache-miss
37 http fetch GET 200 https://registry.npmjs.org/less 175ms (cache miss)
38 silly packumentCache full:https://registry.npmjs.org/less set size:undefined disposed:false
39 silly fetch manifest lightningcss@^1.21.0
40 silly packumentCache full:https://registry.npmjs.org/lightningcss cache-miss
41 http fetch GET 200 https://registry.npmjs.org/lightningcss 126ms (cache miss)
42 silly packumentCache full:https://registry.npmjs.org/lightningcss set size:undefined disposed:false
43 silly fetch manifest sass@*
44 silly packumentCache full:https://registry.npmjs.org/sass cache-miss
45 http fetch GET 200 https://registry.npmjs.org/sass 112ms (cache miss)
46 silly packumentCache full:https://registry.npmjs.org/sass set size:undefined disposed:false
47 silly fetch manifest sass-embedded@*
48 silly packumentCache full:https://registry.npmjs.org/sass-embedded cache-miss
49 http fetch GET 200 https://registry.npmjs.org/sass-embedded 200ms (cache miss)
50 silly packumentCache full:https://registry.npmjs.org/sass-embedded set size:undefined disposed:false
51 silly fetch manifest stylus@*
52 silly packumentCache full:https://registry.npmjs.org/stylus cache-miss
53 http fetch GET 200 https://registry.npmjs.org/stylus 80ms (cache miss)
54 silly packumentCache full:https://registry.npmjs.org/stylus set size:undefined disposed:false
55 silly fetch manifest sugarss@*
56 silly packumentCache full:https://registry.npmjs.org/sugarss cache-miss
57 http fetch GET 200 https://registry.npmjs.org/sugarss 186ms (cache miss)
58 silly packumentCache full:https://registry.npmjs.org/sugarss set size:undefined disposed:false
59 silly fetch manifest postcss@^8.4.0
60 silly packumentCache full:https://registry.npmjs.org/postcss cache-miss
61 http fetch GET 200 https://registry.npmjs.org/postcss 122ms (cache miss)
62 silly packumentCache full:https://registry.npmjs.org/postcss set size:undefined disposed:false
63 silly fetch manifest terser@^5.4.0
64 silly packumentCache full:https://registry.npmjs.org/terser cache-miss
65 http fetch GET 200 https://registry.npmjs.org/terser 410ms (cache miss)
66 silly packumentCache full:https://registry.npmjs.org/terser set size:undefined disposed:false
67 silly fetch manifest vite-plugin-compression@*
68 silly packumentCache full:https://registry.npmjs.org/vite-plugin-compression cache-miss
69 http fetch GET 200 https://registry.npmjs.org/vite-plugin-compression 238ms (cache miss)
70 silly packumentCache full:https://registry.npmjs.org/vite-plugin-compression set size:undefined disposed:false
71 silly placeDep ROOT sharp@0.34.5 OK for: frontend@1.4.0 want: *
72 silly placeDep ROOT svgo@4.0.0 OK for: frontend@1.4.0 want: *
73 silly placeDep ROOT vite-plugin-compression@0.5.1 OK for: frontend@1.4.0 want: *
74 silly placeDep ROOT vite-plugin-image-optimizer@2.0.3 OK for: frontend@1.4.0 want: *
75 silly fetch manifest @img/colour@^1.0.0
76 silly packumentCache full:https://registry.npmjs.org/@img%2fcolour cache-miss
77 silly fetch manifest @img/sharp-wasm32@0.34.5
78 silly packumentCache full:https://registry.npmjs.org/@img%2fsharp-wasm32 cache-miss
79 silly fetch manifest @img/sharp-linux-arm@0.34.5
80 silly packumentCache full:https://registry.npmjs.org/@img%2fsharp-linux-arm cache-miss
81 silly fetch manifest @img/sharp-linux-x64@0.34.5
82 silly packumentCache full:https://registry.npmjs.org/@img%2fsharp-linux-x64 cache-miss
83 silly fetch manifest @img/sharp-win32-x64@0.34.5
84 silly packumentCache full:https://registry.npmjs.org/@img%2fsharp-win32-x64 cache-miss
85 silly fetch manifest @img/sharp-darwin-x64@0.34.5
86 silly packumentCache full:https://registry.npmjs.org/@img%2fsharp-darwin-x64 cache-miss
87 silly fetch manifest @img/sharp-win32-ia32@0.34.5
88 silly packumentCache full:https://registry.npmjs.org/@img%2fsharp-win32-ia32 cache-miss
89 silly fetch manifest @img/sharp-linux-arm64@0.34.5
90 silly packumentCache full:https://registry.npmjs.org/@img%2fsharp-linux-arm64 cache-miss
91 silly fetch manifest @img/sharp-linux-ppc64@0.34.5
92 silly packumentCache full:https://registry.npmjs.org/@img%2fsharp-linux-ppc64 cache-miss
93 http fetch GET 200 https://registry.npmjs.org/@img%2fsharp-wasm32 125ms (cache miss)
94 silly packumentCache full:https://registry.npmjs.org/@img%2fsharp-wasm32 set size:undefined disposed:false
95 silly fetch manifest @img/sharp-linux-s390x@0.34.5
96 silly packumentCache full:https://registry.npmjs.org/@img%2fsharp-linux-s390x cache-miss
97 http fetch GET 200 https://registry.npmjs.org/@img%2fcolour 228ms (cache miss)
98 silly packumentCache full:https://registry.npmjs.org/@img%2fcolour set size:undefined disposed:false
99 silly fetch manifest @img/sharp-win32-arm64@0.34.5
100 silly packumentCache full:https://registry.npmjs.org/@img%2fsharp-win32-arm64 cache-miss
101 http fetch GET 200 https://registry.npmjs.org/@img%2fsharp-linux-arm 230ms (cache miss)
102 silly packumentCache full:https://registry.npmjs.org/@img%2fsharp-linux-arm set size:undefined disposed:false
103 silly fetch manifest @img/sharp-darwin-arm64@0.34.5
104 silly packumentCache full:https://registry.npmjs.org/@img%2fsharp-darwin-arm64 cache-miss
105 http fetch GET 200 https://registry.npmjs.org/@img%2fsharp-darwin-x64 243ms (cache miss)
106 silly packumentCache full:https://registry.npmjs.org/@img%2fsharp-darwin-x64 set size:undefined disposed:false
107 silly fetch manifest @img/sharp-linux-riscv64@0.34.5
108 silly packumentCache full:https://registry.npmjs.org/@img%2fsharp-linux-riscv64 cache-miss
109 http fetch GET 200 https://registry.npmjs.org/@img%2fsharp-linux-s390x 142ms (cache miss)
110 silly packumentCache full:https://registry.npmjs.org/@img%2fsharp-linux-s390x set size:undefined disposed:false
111 silly fetch manifest @img/sharp-linuxmusl-x64@0.34.5
112 silly packumentCache full:https://registry.npmjs.org/@img%2fsharp-linuxmusl-x64 cache-miss
113 http fetch GET 200 https://registry.npmjs.org/@img%2fsharp-linux-arm64 269ms (cache miss)
114 silly packumentCache full:https://registry.npmjs.org/@img%2fsharp-linux-arm64 set size:undefined disposed:false
115 silly fetch manifest @img/sharp-linuxmusl-arm64@0.34.5
116 silly packumentCache full:https://registry.npmjs.org/@img%2fsharp-linuxmusl-arm64 cache-miss
117 http fetch GET 200 https://registry.npmjs.org/@img%2fsharp-linuxmusl-arm64 257ms (cache miss)
118 silly packumentCache full:https://registry.npmjs.org/@img%2fsharp-linuxmusl-arm64 set size:undefined disposed:false
119 silly fetch manifest @img/sharp-libvips-linux-arm@1.2.4
120 silly packumentCache full:https://registry.npmjs.org/@img%2fsharp-libvips-linux-arm cache-miss
121 http fetch GET 200 https://registry.npmjs.org/@img%2fsharp-linuxmusl-x64 261ms (cache miss)
122 silly packumentCache full:https://registry.npmjs.org/@img%2fsharp-linuxmusl-x64 set size:undefined disposed:false
123 silly fetch manifest @img/sharp-libvips-linux-x64@1.2.4
124 silly packumentCache full:https://registry.npmjs.org/@img%2fsharp-libvips-linux-x64 cache-miss
125 http fetch GET 200 https://registry.npmjs.org/@img%2fsharp-win32-x64 531ms (cache miss)
126 silly packumentCache full:https://registry.npmjs.org/@img%2fsharp-win32-x64 set size:undefined disposed:false
127 silly fetch manifest @img/sharp-libvips-darwin-x64@1.2.4
128 silly packumentCache full:https://registry.npmjs.org/@img%2fsharp-libvips-darwin-x64 cache-miss
129 http fetch GET 200 https://registry.npmjs.org/@img%2fsharp-linux-riscv64 290ms (cache miss)
130 silly packumentCache full:https://registry.npmjs.org/@img%2fsharp-linux-riscv64 set size:undefined disposed:false
131 silly fetch manifest @img/sharp-libvips-linux-arm64@1.2.4
132 silly packumentCache full:https://registry.npmjs.org/@img%2fsharp-libvips-linux-arm64 cache-miss
133 http fetch GET 200 https://registry.npmjs.org/@img%2fsharp-win32-ia32 535ms (cache miss)
134 silly packumentCache full:https://registry.npmjs.org/@img%2fsharp-win32-ia32 set size:undefined disposed:false
135 silly fetch manifest @img/sharp-libvips-linux-ppc64@1.2.4
136 silly packumentCache full:https://registry.npmjs.org/@img%2fsharp-libvips-linux-ppc64 cache-miss
137 http fetch GET 200 https://registry.npmjs.org/@img%2fsharp-darwin-arm64 322ms (cache miss)
138 silly packumentCache full:https://registry.npmjs.org/@img%2fsharp-darwin-arm64 set size:undefined disposed:false
139 silly fetch manifest @img/sharp-libvips-linux-s390x@1.2.4
140 silly packumentCache full:https://registry.npmjs.org/@img%2fsharp-libvips-linux-s390x cache-miss
141 http fetch GET 200 https://registry.npmjs.org/@img%2fsharp-win32-arm64 390ms (cache miss)
142 silly packumentCache full:https://registry.npmjs.org/@img%2fsharp-win32-arm64 set size:undefined disposed:false
143 silly fetch manifest @img/sharp-libvips-darwin-arm64@1.2.4
144 silly packumentCache full:https://registry.npmjs.org/@img%2fsharp-libvips-darwin-arm64 cache-miss
145 http fetch GET 200 https://registry.npmjs.org/@img%2fsharp-libvips-linux-x64 89ms (cache miss)
146 silly packumentCache full:https://registry.npmjs.org/@img%2fsharp-libvips-linux-x64 set size:undefined disposed:false
147 silly fetch manifest @img/sharp-libvips-linux-riscv64@1.2.4
148 silly packumentCache full:https://registry.npmjs.org/@img%2fsharp-libvips-linux-riscv64 cache-miss
149 http fetch GET 200 https://registry.npmjs.org/@img%2fsharp-libvips-linux-arm 98ms (cache miss)
150 silly packumentCache full:https://registry.npmjs.org/@img%2fsharp-libvips-linux-arm set size:undefined disposed:false
151 silly fetch manifest @img/sharp-libvips-linuxmusl-x64@1.2.4
152 silly packumentCache full:https://registry.npmjs.org/@img%2fsharp-libvips-linuxmusl-x64 cache-miss
153 http fetch GET 200 https://registry.npmjs.org/@img%2fsharp-libvips-linux-arm64 99ms (cache miss)
154 silly packumentCache full:https://registry.npmjs.org/@img%2fsharp-libvips-linux-arm64 set size:undefined disposed:false
155 silly fetch manifest @img/sharp-libvips-linuxmusl-arm64@1.2.4
156 silly packumentCache full:https://registry.npmjs.org/@img%2fsharp-libvips-linuxmusl-arm64 cache-miss
157 http fetch GET 200 https://registry.npmjs.org/@img%2fsharp-libvips-darwin-x64 110ms (cache miss)
158 silly packumentCache full:https://registry.npmjs.org/@img%2fsharp-libvips-darwin-x64 set size:undefined disposed:false
159 silly fetch manifest commander@^11.1.0
160 silly packumentCache full:https://registry.npmjs.org/commander cache-miss
161 http fetch GET 200 https://registry.npmjs.org/@img%2fsharp-linux-ppc64 712ms (cache miss)
162 silly packumentCache full:https://registry.npmjs.org/@img%2fsharp-linux-ppc64 set size:undefined disposed:false
163 silly fetch manifest css-select@^5.1.0
164 silly packumentCache full:https://registry.npmjs.org/css-select cache-miss
165 http fetch GET 200 https://registry.npmjs.org/@img%2fsharp-linux-x64 714ms (cache miss)
166 silly packumentCache full:https://registry.npmjs.org/@img%2fsharp-linux-x64 set size:undefined disposed:false
167 silly fetch manifest css-tree@^3.0.1
168 silly packumentCache full:https://registry.npmjs.org/css-tree cache-miss
169 http fetch GET 200 https://registry.npmjs.org/@img%2fsharp-libvips-linux-s390x 161ms (cache miss)
170 silly packumentCache full:https://registry.npmjs.org/@img%2fsharp-libvips-linux-s390x set size:undefined disposed:false
171 silly fetch manifest css-what@^6.1.0
172 silly packumentCache full:https://registry.npmjs.org/css-what cache-miss
173 http fetch GET 200 https://registry.npmjs.org/@img%2fsharp-libvips-linux-ppc64 240ms (cache miss)
174 silly packumentCache full:https://registry.npmjs.org/@img%2fsharp-libvips-linux-ppc64 set size:undefined disposed:false
175 silly fetch manifest csso@^5.0.5
176 silly packumentCache full:https://registry.npmjs.org/csso cache-miss
177 http fetch GET 200 https://registry.npmjs.org/@img%2fsharp-libvips-linuxmusl-x64 152ms (cache miss)
178 silly packumentCache full:https://registry.npmjs.org/@img%2fsharp-libvips-linuxmusl-x64 set size:undefined disposed:false
179 silly fetch manifest sax@^1.4.1
180 silly packumentCache full:https://registry.npmjs.org/sax cache-miss
181 http fetch GET 200 https://registry.npmjs.org/@img%2fsharp-libvips-darwin-arm64 166ms (cache miss)
182 silly packumentCache full:https://registry.npmjs.org/@img%2fsharp-libvips-darwin-arm64 set size:undefined disposed:false
183 silly fetch manifest fs-extra@^10.0.0
184 silly packumentCache full:https://registry.npmjs.org/fs-extra cache-miss
185 http fetch GET 200 https://registry.npmjs.org/@img%2fsharp-libvips-linuxmusl-arm64 158ms (cache miss)
186 silly packumentCache full:https://registry.npmjs.org/@img%2fsharp-libvips-linuxmusl-arm64 set size:undefined disposed:false
187 silly fetch manifest ansi-colors@^4.1.3
188 silly packumentCache full:https://registry.npmjs.org/ansi-colors cache-miss
189 http fetch GET 200 https://registry.npmjs.org/@img%2fsharp-libvips-linux-riscv64 173ms (cache miss)
190 silly packumentCache full:https://registry.npmjs.org/@img%2fsharp-libvips-linux-riscv64 set size:undefined disposed:false
191 silly fetch manifest pathe@^2.0.3
192 silly packumentCache full:https://registry.npmjs.org/pathe cache-miss
193 http fetch GET 200 https://registry.npmjs.org/commander 151ms (cache miss)
194 silly packumentCache full:https://registry.npmjs.org/commander set size:undefined disposed:false
195 http fetch GET 200 https://registry.npmjs.org/csso 75ms (cache miss)
196 silly packumentCache full:https://registry.npmjs.org/csso set size:undefined disposed:false
197 http fetch GET 200 https://registry.npmjs.org/sax 87ms (cache miss)
198 silly packumentCache full:https://registry.npmjs.org/sax set size:undefined disposed:false
199 http fetch GET 200 https://registry.npmjs.org/pathe 71ms (cache miss)
200 silly packumentCache full:https://registry.npmjs.org/pathe set size:undefined disposed:false
201 http fetch GET 200 https://registry.npmjs.org/css-select 154ms (cache miss)
202 silly packumentCache full:https://registry.npmjs.org/css-select set size:undefined disposed:false
203 http fetch GET 200 https://registry.npmjs.org/ansi-colors 80ms (cache miss)
204 silly packumentCache full:https://registry.npmjs.org/ansi-colors set size:undefined disposed:false
205 http fetch GET 200 https://registry.npmjs.org/css-what 200ms (cache miss)
206 silly packumentCache full:https://registry.npmjs.org/css-what set size:undefined disposed:false
207 http fetch GET 200 https://registry.npmjs.org/css-tree 203ms (cache miss)
208 silly packumentCache full:https://registry.npmjs.org/css-tree set size:undefined disposed:false
209 http fetch GET 200 https://registry.npmjs.org/fs-extra 226ms (cache miss)
210 silly packumentCache full:https://registry.npmjs.org/fs-extra set size:undefined disposed:false
211 silly placeDep ROOT @img/colour@1.0.0 OK for: sharp@0.34.5 want: ^1.0.0
212 silly placeDep ROOT @img/sharp-darwin-arm64@0.34.5 OK for: sharp@0.34.5 want: 0.34.5
213 silly placeDep ROOT @img/sharp-darwin-x64@0.34.5 OK for: sharp@0.34.5 want: 0.34.5
214 silly placeDep ROOT @img/sharp-libvips-darwin-arm64@1.2.4 OK for: sharp@0.34.5 want: 1.2.4
215 silly placeDep ROOT @img/sharp-libvips-darwin-x64@1.2.4 OK for: sharp@0.34.5 want: 1.2.4
216 silly placeDep ROOT @img/sharp-libvips-linux-arm@1.2.4 OK for: sharp@0.34.5 want: 1.2.4
217 silly placeDep ROOT @img/sharp-libvips-linux-arm64@1.2.4 OK for: sharp@0.34.5 want: 1.2.4
218 silly placeDep ROOT @img/sharp-libvips-linux-ppc64@1.2.4 OK for: sharp@0.34.5 want: 1.2.4
219 silly placeDep ROOT @img/sharp-libvips-linux-riscv64@1.2.4 OK for: sharp@0.34.5 want: 1.2.4
220 silly placeDep ROOT @img/sharp-libvips-linux-s390x@1.2.4 OK for: sharp@0.34.5 want: 1.2.4
221 silly placeDep ROOT @img/sharp-libvips-linux-x64@1.2.4 OK for: sharp@0.34.5 want: 1.2.4
222 silly placeDep ROOT @img/sharp-libvips-linuxmusl-arm64@1.2.4 OK for: sharp@0.34.5 want: 1.2.4
223 silly placeDep ROOT @img/sharp-libvips-linuxmusl-x64@1.2.4 OK for: sharp@0.34.5 want: 1.2.4
224 silly placeDep ROOT @img/sharp-linux-arm@0.34.5 OK for: sharp@0.34.5 want: 0.34.5
225 silly placeDep ROOT @img/sharp-linux-arm64@0.34.5 OK for: sharp@0.34.5 want: 0.34.5
226 silly placeDep ROOT @img/sharp-linux-ppc64@0.34.5 OK for: sharp@0.34.5 want: 0.34.5
227 silly placeDep ROOT @img/sharp-linux-riscv64@0.34.5 OK for: sharp@0.34.5 want: 0.34.5
228 silly placeDep ROOT @img/sharp-linux-s390x@0.34.5 OK for: sharp@0.34.5 want: 0.34.5
229 silly placeDep ROOT @img/sharp-linux-x64@0.34.5 OK for: sharp@0.34.5 want: 0.34.5
230 silly placeDep ROOT @img/sharp-linuxmusl-arm64@0.34.5 OK for: sharp@0.34.5 want: 0.34.5
231 silly placeDep ROOT @img/sharp-linuxmusl-x64@0.34.5 OK for: sharp@0.34.5 want: 0.34.5
232 silly placeDep ROOT @img/sharp-wasm32@0.34.5 OK for: sharp@0.34.5 want: 0.34.5
233 silly placeDep ROOT @img/sharp-win32-arm64@0.34.5 OK for: sharp@0.34.5 want: 0.34.5
234 silly placeDep ROOT @img/sharp-win32-ia32@0.34.5 OK for: sharp@0.34.5 want: 0.34.5
235 silly placeDep ROOT @img/sharp-win32-x64@0.34.5 OK for: sharp@0.34.5 want: 0.34.5
236 silly fetch manifest @emnapi/runtime@^1.7.0
237 silly packumentCache full:https://registry.npmjs.org/@emnapi%2fruntime cache-miss
238 http fetch GET 200 https://registry.npmjs.org/@emnapi%2fruntime 363ms (cache miss)
239 silly packumentCache full:https://registry.npmjs.org/@emnapi%2fruntime set size:undefined disposed:false
240 silly placeDep ROOT @emnapi/runtime@1.8.1 OK for: @img/sharp-wasm32@0.34.5 want: ^1.7.0
241 silly placeDep ROOT commander@11.1.0 OK for: svgo@4.0.0 want: ^11.1.0
242 silly placeDep ROOT css-select@5.2.2 OK for: svgo@4.0.0 want: ^5.1.0
243 silly placeDep ROOT css-tree@3.1.0 OK for: svgo@4.0.0 want: ^3.0.1
244 silly placeDep ROOT css-what@6.2.2 OK for: svgo@4.0.0 want: ^6.1.0
245 silly placeDep ROOT csso@5.0.5 OK for: svgo@4.0.0 want: ^5.0.5
246 silly placeDep ROOT sax@1.4.4 OK for: svgo@4.0.0 want: ^1.4.1
247 silly fetch manifest boolbase@^1.0.0
248 silly packumentCache full:https://registry.npmjs.org/boolbase cache-miss
249 silly fetch manifest domutils@^3.0.1
250 silly packumentCache full:https://registry.npmjs.org/domutils cache-miss
251 silly fetch manifest nth-check@^2.0.1
252 silly packumentCache full:https://registry.npmjs.org/nth-check cache-miss
253 silly fetch manifest domhandler@^5.0.2
254 silly packumentCache full:https://registry.npmjs.org/domhandler cache-miss
255 silly fetch manifest mdn-data@2.12.2
256 silly packumentCache full:https://registry.npmjs.org/mdn-data cache-miss
257 silly fetch manifest css-tree@~2.2.0
258 silly packumentCache full:https://registry.npmjs.org/css-tree cache-miss
259 http cache https://registry.npmjs.org/css-tree 5ms (cache hit)
260 silly packumentCache full:https://registry.npmjs.org/css-tree set size:221018 disposed:false
261 http fetch GET 200 https://registry.npmjs.org/boolbase 140ms (cache miss)
262 silly packumentCache full:https://registry.npmjs.org/boolbase set size:undefined disposed:false
263 http fetch GET 200 https://registry.npmjs.org/domhandler 142ms (cache miss)
264 silly packumentCache full:https://registry.npmjs.org/domhandler set size:undefined disposed:false
265 http fetch GET 200 https://registry.npmjs.org/mdn-data 144ms (cache miss)
266 silly packumentCache full:https://registry.npmjs.org/mdn-data set size:undefined disposed:false
267 http fetch GET 200 https://registry.npmjs.org/nth-check 145ms (cache miss)
268 silly packumentCache full:https://registry.npmjs.org/nth-check set size:undefined disposed:false
269 http fetch GET 200 https://registry.npmjs.org/domutils 148ms (cache miss)
270 silly packumentCache full:https://registry.npmjs.org/domutils set size:undefined disposed:false
271 silly placeDep ROOT boolbase@1.0.0 OK for: css-select@5.2.2 want: ^1.0.0
272 silly placeDep ROOT domhandler@5.0.3 OK for: css-select@5.2.2 want: ^5.0.2
273 silly placeDep ROOT domutils@3.2.2 OK for: css-select@5.2.2 want: ^3.0.1
274 silly placeDep ROOT nth-check@2.1.1 OK for: css-select@5.2.2 want: ^2.0.1
275 silly fetch manifest domelementtype@^2.3.0
276 silly packumentCache full:https://registry.npmjs.org/domelementtype cache-miss
277 silly fetch manifest dom-serializer@^2.0.0
278 silly packumentCache full:https://registry.npmjs.org/dom-serializer cache-miss
279 silly fetch manifest domelementtype@^2.3.0
280 silly packumentCache full:https://registry.npmjs.org/domelementtype cache-miss
281 http fetch GET 200 https://registry.npmjs.org/domelementtype 83ms (cache miss)
282 silly packumentCache full:https://registry.npmjs.org/domelementtype set size:undefined disposed:false
283 http fetch GET 200 https://registry.npmjs.org/domelementtype 92ms (cache miss)
284 silly packumentCache full:https://registry.npmjs.org/domelementtype set size:undefined disposed:false
285 http fetch GET 200 https://registry.npmjs.org/dom-serializer 139ms (cache miss)
286 silly packumentCache full:https://registry.npmjs.org/dom-serializer set size:undefined disposed:false
287 silly placeDep ROOT mdn-data@2.12.2 OK for: css-tree@3.1.0 want: 2.12.2
288 silly placeDep node_modules/csso css-tree@2.2.1 OK for: csso@5.0.5 want: ~2.2.0
289 silly fetch manifest mdn-data@2.0.28
290 silly packumentCache full:https://registry.npmjs.org/mdn-data cache-miss
291 http cache https://registry.npmjs.org/mdn-data 3ms (cache hit)
292 silly packumentCache full:https://registry.npmjs.org/mdn-data set size:170513 disposed:false
293 silly placeDep ROOT domelementtype@2.3.0 OK for: domhandler@5.0.3 want: ^2.3.0
294 silly placeDep ROOT dom-serializer@2.0.0 OK for: domutils@3.2.2 want: ^2.0.0
295 silly fetch manifest entities@^4.2.0
296 silly packumentCache full:https://registry.npmjs.org/entities cache-miss
297 http fetch GET 200 https://registry.npmjs.org/entities 71ms (cache miss)
298 silly packumentCache full:https://registry.npmjs.org/entities set size:undefined disposed:false
299 silly placeDep ROOT entities@4.5.0 OK for: dom-serializer@2.0.0 want: ^4.2.0
300 silly placeDep ROOT fs-extra@10.1.0 OK for: vite-plugin-compression@0.5.1 want: ^10.0.0
301 silly fetch manifest jsonfile@^6.0.1
302 silly packumentCache full:https://registry.npmjs.org/jsonfile cache-miss
303 silly fetch manifest universalify@^2.0.0
304 silly packumentCache full:https://registry.npmjs.org/universalify cache-miss
305 http fetch GET 200 https://registry.npmjs.org/universalify 110ms (cache miss)
306 silly packumentCache full:https://registry.npmjs.org/universalify set size:undefined disposed:false
307 http fetch GET 200 https://registry.npmjs.org/jsonfile 166ms (cache miss)
308 silly packumentCache full:https://registry.npmjs.org/jsonfile set size:undefined disposed:false
309 silly placeDep ROOT jsonfile@6.2.0 OK for: fs-extra@10.1.0 want: ^6.0.1
310 silly placeDep ROOT universalify@2.0.1 OK for: fs-extra@10.1.0 want: ^2.0.0
311 silly placeDep ROOT ansi-colors@4.1.3 OK for: vite-plugin-image-optimizer@2.0.3 want: ^4.1.3
312 silly placeDep ROOT pathe@2.0.3 OK for: vite-plugin-image-optimizer@2.0.3 want: ^2.0.3
313 silly placeDep node_modules/csso mdn-data@2.0.28 OK for: css-tree@2.2.1 want: 2.0.28
314 silly reify moves {}
315 silly audit bulk request {
315 silly audit   '@babel/code-frame': [ '7.29.0' ],
315 silly audit   '@babel/compat-data': [ '7.29.0' ],
315 silly audit   '@babel/core': [ '7.29.0' ],
315 silly audit   semver: [ '6.3.1', '7.7.4' ],
315 silly audit   '@babel/generator': [ '7.29.1' ],
315 silly audit   '@babel/helper-compilation-targets': [ '7.28.6' ],
315 silly audit   '@babel/helper-globals': [ '7.28.0' ],
315 silly audit   '@babel/helper-module-imports': [ '7.28.6' ],
315 silly audit   '@babel/helper-module-transforms': [ '7.28.6' ],
315 silly audit   '@babel/helper-plugin-utils': [ '7.28.6' ],
315 silly audit   '@babel/helper-string-parser': [ '7.27.1' ],
315 silly audit   '@babel/helper-validator-identifier': [ '7.28.5' ],
315 silly audit   '@babel/helper-validator-option': [ '7.27.1' ],
315 silly audit   '@babel/helpers': [ '7.28.6' ],
315 silly audit   '@babel/parser': [ '7.29.0' ],
315 silly audit   '@babel/plugin-transform-react-jsx-self': [ '7.27.1' ],
315 silly audit   '@babel/plugin-transform-react-jsx-source': [ '7.27.1' ],
315 silly audit   '@babel/runtime': [ '7.28.6' ],
315 silly audit   '@babel/template': [ '7.28.6' ],
315 silly audit   '@babel/traverse': [ '7.29.0' ],
315 silly audit   '@babel/types': [ '7.29.0' ],
315 silly audit   '@esbuild/aix-ppc64': [ '0.21.5' ],
315 silly audit   '@esbuild/android-arm': [ '0.21.5' ],
315 silly audit   '@esbuild/android-arm64': [ '0.21.5' ],
315 silly audit   '@esbuild/android-x64': [ '0.21.5' ],
315 silly audit   '@esbuild/darwin-arm64': [ '0.21.5' ],
315 silly audit   '@esbuild/darwin-x64': [ '0.21.5' ],
315 silly audit   '@esbuild/freebsd-arm64': [ '0.21.5' ],
315 silly audit   '@esbuild/freebsd-x64': [ '0.21.5' ],
315 silly audit   '@esbuild/linux-arm': [ '0.21.5' ],
315 silly audit   '@esbuild/linux-arm64': [ '0.21.5' ],
315 silly audit   '@esbuild/linux-ia32': [ '0.21.5' ],
315 silly audit   '@esbuild/linux-loong64': [ '0.21.5' ],
315 silly audit   '@esbuild/linux-mips64el': [ '0.21.5' ],
315 silly audit   '@esbuild/linux-ppc64': [ '0.21.5' ],
315 silly audit   '@esbuild/linux-riscv64': [ '0.21.5' ],
315 silly audit   '@esbuild/linux-s390x': [ '0.21.5' ],
315 silly audit   '@esbuild/linux-x64': [ '0.21.5' ],
315 silly audit   '@esbuild/netbsd-x64': [ '0.21.5' ],
315 silly audit   '@esbuild/openbsd-x64': [ '0.21.5' ],
315 silly audit   '@esbuild/sunos-x64': [ '0.21.5' ],
315 silly audit   '@esbuild/win32-arm64': [ '0.21.5' ],
315 silly audit   '@esbuild/win32-ia32': [ '0.21.5' ],
315 silly audit   '@esbuild/win32-x64': [ '0.21.5' ],
315 silly audit   '@eslint-community/eslint-utils': [ '4.9.1' ],
315 silly audit   '@eslint-community/regexpp': [ '4.12.2' ],
315 silly audit   '@eslint/eslintrc': [ '2.1.4' ],
315 silly audit   'brace-expansion': [ '1.1.12', '2.0.2' ],
315 silly audit   minimatch: [ '3.1.2', '9.0.3' ],
315 silly audit   '@eslint/js': [ '8.57.1' ],
315 silly audit   '@humanwhocodes/config-array': [ '0.13.0' ],
315 silly audit   '@humanwhocodes/module-importer': [ '1.0.1' ],
315 silly audit   '@humanwhocodes/object-schema': [ '2.0.3' ],
315 silly audit   '@jridgewell/gen-mapping': [ '0.3.13' ],
315 silly audit   '@jridgewell/remapping': [ '2.3.5' ],
315 silly audit   '@jridgewell/resolve-uri': [ '3.1.2' ],
315 silly audit   '@jridgewell/sourcemap-codec': [ '1.5.5' ],
315 silly audit   '@jridgewell/trace-mapping': [ '0.3.31' ],
315 silly audit   '@nodelib/fs.scandir': [ '2.1.5' ],
315 silly audit   '@nodelib/fs.stat': [ '2.0.5' ],
315 silly audit   '@nodelib/fs.walk': [ '1.2.8' ],
315 silly audit   '@reduxjs/toolkit': [ '2.11.2' ],
315 silly audit   immer: [ '11.1.3', '10.2.0' ],
315 silly audit   '@rolldown/pluginutils': [ '1.0.0-beta.27' ],
315 silly audit   '@rollup/rollup-android-arm-eabi': [ '4.57.1' ],
315 silly audit   '@rollup/rollup-android-arm64': [ '4.57.1' ],
315 silly audit   '@rollup/rollup-darwin-arm64': [ '4.57.1' ],
315 silly audit   '@rollup/rollup-darwin-x64': [ '4.57.1' ],
315 silly audit   '@rollup/rollup-freebsd-arm64': [ '4.57.1' ],
315 silly audit   '@rollup/rollup-freebsd-x64': [ '4.57.1' ],
315 silly audit   '@rollup/rollup-linux-arm-gnueabihf': [ '4.57.1' ],
315 silly audit   '@rollup/rollup-linux-arm-musleabihf': [ '4.57.1' ],
315 silly audit   '@rollup/rollup-linux-arm64-gnu': [ '4.57.1' ],
315 silly audit   '@rollup/rollup-linux-arm64-musl': [ '4.57.1' ],
315 silly audit   '@rollup/rollup-linux-loong64-gnu': [ '4.57.1' ],
315 silly audit   '@rollup/rollup-linux-loong64-musl': [ '4.57.1' ],
315 silly audit   '@rollup/rollup-linux-ppc64-gnu': [ '4.57.1' ],
315 silly audit   '@rollup/rollup-linux-ppc64-musl': [ '4.57.1' ],
315 silly audit   '@rollup/rollup-linux-riscv64-gnu': [ '4.57.1' ],
315 silly audit   '@rollup/rollup-linux-riscv64-musl': [ '4.57.1' ],
315 silly audit   '@rollup/rollup-linux-s390x-gnu': [ '4.57.1' ],
315 silly audit   '@rollup/rollup-linux-x64-gnu': [ '4.57.1' ],
315 silly audit   '@rollup/rollup-linux-x64-musl': [ '4.57.1' ],
315 silly audit   '@rollup/rollup-openbsd-x64': [ '4.57.1' ],
315 silly audit   '@rollup/rollup-openharmony-arm64': [ '4.57.1' ],
315 silly audit   '@rollup/rollup-win32-arm64-msvc': [ '4.57.1' ],
315 silly audit   '@rollup/rollup-win32-ia32-msvc': [ '4.57.1' ],
315 silly audit   '@rollup/rollup-win32-x64-gnu': [ '4.57.1' ],
315 silly audit   '@rollup/rollup-win32-x64-msvc': [ '4.57.1' ],
315 silly audit   '@standard-schema/spec': [ '1.1.0' ],
315 silly audit   '@standard-schema/utils': [ '0.3.0' ],
315 silly audit   '@tailwindcss/node': [ '4.1.18' ],
315 silly audit   '@tailwindcss/oxide': [ '4.1.18' ],
315 silly audit   '@tailwindcss/oxide-android-arm64': [ '4.1.18' ],
315 silly audit   '@tailwindcss/oxide-darwin-arm64': [ '4.1.18' ],
315 silly audit   '@tailwindcss/oxide-darwin-x64': [ '4.1.18' ],
315 silly audit   '@tailwindcss/oxide-freebsd-x64': [ '4.1.18' ],
315 silly audit   '@tailwindcss/oxide-linux-arm-gnueabihf': [ '4.1.18' ],
315 silly audit   '@tailwindcss/oxide-linux-arm64-gnu': [ '4.1.18' ],
315 silly audit   '@tailwindcss/oxide-linux-arm64-musl': [ '4.1.18' ],
315 silly audit   '@tailwindcss/oxide-linux-x64-gnu': [ '4.1.18' ],
315 silly audit   '@tailwindcss/oxide-linux-x64-musl': [ '4.1.18' ],
315 silly audit   '@tailwindcss/oxide-wasm32-wasi': [ '4.1.18' ],
315 silly audit   '@tailwindcss/oxide-win32-arm64-msvc': [ '4.1.18' ],
315 silly audit   '@tailwindcss/oxide-win32-x64-msvc': [ '4.1.18' ],
315 silly audit   '@tailwindcss/vite': [ '4.1.18' ],
315 silly audit   '@tanstack/query-core': [ '5.90.20' ],
315 silly audit   '@tanstack/react-query': [ '5.90.20' ],
315 silly audit   '@telegram-apps/bridge': [ '1.9.2' ],
315 silly audit   '@telegram-apps/navigation': [ '1.0.14' ],
315 silly audit   '@telegram-apps/sdk': [ '2.11.3' ],
315 silly audit   '@telegram-apps/sdk-react': [ '2.0.25' ],
315 silly audit   '@telegram-apps/signals': [ '1.1.2' ],
315 silly audit   '@telegram-apps/toolkit': [ '1.1.1' ],
315 silly audit   '@telegram-apps/transformers': [ '1.2.2' ],
315 silly audit   '@telegram-apps/types': [ '1.2.1' ],
315 silly audit   '@tonconnect/isomorphic-eventsource': [ '0.0.2' ],
315 silly audit   '@tonconnect/isomorphic-fetch': [ '0.0.3' ],
315 silly audit   '@tonconnect/protocol': [ '2.4.0' ],
315 silly audit   '@tonconnect/sdk': [ '3.4.1' ],
315 silly audit   '@tonconnect/ui': [ '2.4.1' ],
315 silly audit   '@tonconnect/ui-react': [ '2.4.1' ],
315 silly audit   '@types/babel__core': [ '7.20.5' ],
315 silly audit   '@types/babel__generator': [ '7.27.0' ],
315 silly audit   '@types/babel__template': [ '7.4.4' ],
315 silly audit   '@types/babel__traverse': [ '7.28.0' ],
315 silly audit   '@types/d3-array': [ '3.2.2' ],
315 silly audit   '@types/d3-color': [ '3.1.3' ],
315 silly audit   '@types/d3-ease': [ '3.0.2' ],
315 silly audit   '@types/d3-interpolate': [ '3.0.4' ],
315 silly audit   '@types/d3-path': [ '3.1.1' ],
315 silly audit   '@types/d3-scale': [ '4.0.9' ],
315 silly audit   '@types/d3-shape': [ '3.1.8' ],
315 silly audit   '@types/d3-time': [ '3.0.4' ],
315 silly audit   '@types/d3-timer': [ '3.0.2' ],
315 silly audit   '@types/estree': [ '1.0.8' ],
315 silly audit   '@types/json-schema': [ '7.0.15' ],
315 silly audit   '@types/prop-types': [ '15.7.15' ],
315 silly audit   '@types/react': [ '18.3.28' ],
315 silly audit   '@types/react-dom': [ '18.3.7' ],
315 silly audit   '@types/semver': [ '7.7.1' ],
315 silly audit   '@types/use-sync-external-store': [ '0.0.6' ],
315 silly audit   '@typescript-eslint/eslint-plugin': [ '6.21.0' ],
315 silly audit   '@typescript-eslint/parser': [ '6.21.0' ],
315 silly audit   '@typescript-eslint/scope-manager': [ '6.21.0' ],
315 silly audit   '@typescript-eslint/type-utils': [ '6.21.0' ],
315 silly audit   '@typescript-eslint/types': [ '6.21.0' ],
315 silly audit   '@typescript-eslint/typescript-estree': [ '6.21.0' ],
315 silly audit   '@typescript-eslint/utils': [ '6.21.0' ],
315 silly audit   '@typescript-eslint/visitor-keys': [ '6.21.0' ],
315 silly audit   '@ungap/structured-clone': [ '1.3.0' ],
315 silly audit   '@vitejs/plugin-react': [ '4.7.0' ],
315 silly audit   acorn: [ '8.15.0' ],
315 silly audit   'acorn-jsx': [ '5.3.2' ],
315 silly audit   ajv: [ '6.12.6' ],
315 silly audit   'ansi-regex': [ '5.0.1' ],
315 silly audit   'ansi-styles': [ '4.3.0' ],
315 silly audit   argparse: [ '2.0.1' ],
315 silly audit   'array-union': [ '2.1.0' ],
315 silly audit   asynckit: [ '0.4.0' ],
315 silly audit   autoprefixer: [ '10.4.24' ],
315 silly audit   axios: [ '1.13.4' ],
315 silly audit   'balanced-match': [ '1.0.2' ],
315 silly audit   'baseline-browser-mapping': [ '2.9.19' ],
315 silly audit   braces: [ '3.0.3' ],
315 silly audit   browserslist: [ '4.28.1' ],
315 silly audit   'call-bind-apply-helpers': [ '1.0.2' ],
315 silly audit   callsites: [ '3.1.0' ],
315 silly audit   'caniuse-lite': [ '1.0.30001769' ],
315 silly audit   chalk: [ '4.1.2' ],
315 silly audit   classnames: [ '2.5.1' ],
315 silly audit   clsx: [ '2.1.1' ],
315 silly audit   'color-convert': [ '2.0.1' ],
315 silly audit   'color-name': [ '1.1.4' ],
315 silly audit   'combined-stream': [ '1.0.8' ],
315 silly audit   'concat-map': [ '0.0.1' ],
315 silly audit   'convert-source-map': [ '2.0.0' ],
315 silly audit   'cross-spawn': [ '7.0.6' ],
315 silly audit   csstype: [ '3.2.3' ],
315 silly audit   'd3-array': [ '3.2.4' ],
315 silly audit   'd3-color': [ '3.1.0' ],
315 silly audit   'd3-ease': [ '3.0.1' ],
315 silly audit   'd3-format': [ '3.1.2' ],
315 silly audit   'd3-interpolate': [ '3.0.1' ],
315 silly audit   'd3-path': [ '3.1.0' ],
315 silly audit   'd3-scale': [ '4.0.2' ],
315 silly audit   'd3-shape': [ '3.2.0' ],
315 silly audit   'd3-time': [ '3.1.0' ],
315 silly audit   'd3-time-format': [ '4.1.0' ],
315 silly audit   'd3-timer': [ '3.0.1' ],
315 silly audit   debug: [ '4.4.3' ],
315 silly audit   'decimal.js-light': [ '2.5.1' ],
315 silly audit   'deep-is': [ '0.1.4' ],
315 silly audit   deepmerge: [ '4.3.1' ],
315 silly audit   'delayed-stream': [ '1.0.0' ],
315 silly audit   'detect-libc': [ '2.1.2' ],
315 silly audit   'dir-glob': [ '3.0.1' ],
315 silly audit   doctrine: [ '3.0.0' ],
315 silly audit   'dunder-proto': [ '1.0.1' ],
315 silly audit   'electron-to-chromium': [ '1.5.286' ],
315 silly audit   'enhanced-resolve': [ '5.19.0' ],
315 silly audit   'es-define-property': [ '1.0.1' ],
315 silly audit   'es-errors': [ '1.3.0' ],
315 silly audit   'es-object-atoms': [ '1.1.1' ],
315 silly audit   'es-set-tostringtag': [ '2.1.0' ],
315 silly audit   'es-toolkit': [ '1.44.0' ],
315 silly audit   esbuild: [ '0.21.5' ],
315 silly audit   escalade: [ '3.2.0' ],
315 silly audit   'escape-string-regexp': [ '4.0.0' ],
315 silly audit   eslint: [ '8.57.1' ],
315 silly audit   'eslint-plugin-react-hooks': [ '4.6.2' ],
315 silly audit   'eslint-plugin-react-refresh': [ '0.4.26' ],
315 silly audit   'eslint-scope': [ '7.2.2' ],
315 silly audit   'eslint-visitor-keys': [ '3.4.3' ],
315 silly audit   espree: [ '9.6.1' ],
315 silly audit   esquery: [ '1.7.0' ],
315 silly audit   esrecurse: [ '4.3.0' ],
315 silly audit   estraverse: [ '5.3.0' ],
315 silly audit   esutils: [ '2.0.3' ],
315 silly audit   eventemitter3: [ '5.0.4' ],
315 silly audit   eventsource: [ '2.0.2' ],
315 silly audit   'fast-deep-equal': [ '3.1.3' ],
315 silly audit   'fast-glob': [ '3.3.3' ],
315 silly audit   'glob-parent': [ '5.1.2', '6.0.2' ],
315 silly audit   'fast-json-stable-stringify': [ '2.1.0' ],
315 silly audit   'fast-levenshtein': [ '2.0.6' ],
315 silly audit   fastq: [ '1.20.1' ],
315 silly audit   'file-entry-cache': [ '6.0.1' ],
315 silly audit   'fill-range': [ '7.1.1' ],
315 silly audit   'find-up': [ '5.0.0' ],
315 silly audit   'flat-cache': [ '3.2.0' ],
315 silly audit   flatted: [ '3.3.3' ],
315 silly audit   'follow-redirects': [ '1.15.11' ],
315 silly audit   'form-data': [ '4.0.5' ],
315 silly audit   'fraction.js': [ '5.3.4' ],
315 silly audit   'framer-motion': [ '11.18.2' ],
315 silly audit   'fs.realpath': [ '1.0.0' ],
315 silly audit   fsevents: [ '2.3.3' ],
315 silly audit   'function-bind': [ '1.1.2' ],
315 silly audit   gensync: [ '1.0.0-beta.2' ],
315 silly audit   'get-intrinsic': [ '1.3.0' ],
315 silly audit   'get-proto': [ '1.0.1' ],
315 silly audit   glob: [ '7.2.3' ],
315 silly audit   globals: [ '13.24.0' ],
315 silly audit   globby: [ '11.1.0' ],
315 silly audit   gopd: [ '1.2.0' ],
315 silly audit   'graceful-fs': [ '4.2.11' ],
315 silly audit   graphemer: [ '1.4.0' ],
315 silly audit   'has-flag': [ '4.0.0' ],
315 silly audit   'has-symbols': [ '1.1.0' ],
315 silly audit   'has-tostringtag': [ '1.0.2' ],
315 silly audit   hasown: [ '2.0.2' ],
315 silly audit   'html-parse-stringify': [ '3.0.1' ],
315 silly audit   i18next: [ '25.8.4' ],
315 silly audit   'i18next-browser-languagedetector': [ '8.2.0' ],
315 silly audit   ignore: [ '5.3.2' ],
315 silly audit   'import-fresh': [ '3.3.1' ],
315 silly audit   imurmurhash: [ '0.1.4' ],
315 silly audit   inflight: [ '1.0.6' ],
315 silly audit   inherits: [ '2.0.4' ],
315 silly audit   internmap: [ '2.0.3' ],
315 silly audit   'is-extglob': [ '2.1.1' ],
315 silly audit   'is-glob': [ '4.0.3' ],
315 silly audit   'is-number': [ '7.0.0' ],
315 silly audit   'is-path-inside': [ '3.0.3' ],
315 silly audit   isexe: [ '2.0.0' ],
315 silly audit   jiti: [ '2.6.1' ],
315 silly audit   'js-tokens': [ '4.0.0' ],
315 silly audit   'js-yaml': [ '4.1.1' ],
315 silly audit   jsesc: [ '3.1.0' ],
315 silly audit   'json-buffer': [ '3.0.1' ],
315 silly audit   'json-schema-traverse': [ '0.4.1' ],
315 silly audit   'json-stable-stringify-without-jsonify': [ '1.0.1' ],
315 silly audit   json5: [ '2.2.3' ],
315 silly audit   keyv: [ '4.5.4' ],
315 silly audit   levn: [ '0.4.1' ],
315 silly audit   lightningcss: [ '1.30.2' ],
315 silly audit   'lightningcss-android-arm64': [ '1.30.2' ],
315 silly audit   'lightningcss-darwin-arm64': [ '1.30.2' ],
315 silly audit   'lightningcss-darwin-x64': [ '1.30.2' ],
315 silly audit   'lightningcss-freebsd-x64': [ '1.30.2' ],
315 silly audit   'lightningcss-linux-arm-gnueabihf': [ '1.30.2' ],
315 silly audit   'lightningcss-linux-arm64-gnu': [ '1.30.2' ],
315 silly audit   'lightningcss-linux-arm64-musl': [ '1.30.2' ],
315 silly audit   'lightningcss-linux-x64-gnu': [ '1.30.2' ],
315 silly audit   'lightningcss-linux-x64-musl': [ '1.30.2' ],
315 silly audit   'lightningcss-win32-arm64-msvc': [ '1.30.2' ],
315 silly audit   'lightningcss-win32-x64-msvc': [ '1.30.2' ],
315 silly audit   'locate-path': [ '6.0.0' ],
315 silly audit   'lodash.merge': [ '4.6.2' ],
315 silly audit   'loose-envify': [ '1.4.0' ],
315 silly audit   'lru-cache': [ '5.1.1' ],
315 silly audit   'lucide-react': [ '0.300.0' ],
315 silly audit   'magic-string': [ '0.30.21' ],
315 silly audit   'math-intrinsics': [ '1.1.0' ],
315 silly audit   merge2: [ '1.4.1' ],
315 silly audit   micromatch: [ '4.0.8' ],
315 silly audit   'mime-db': [ '1.52.0' ],
315 silly audit   'mime-types': [ '2.1.35' ],
315 silly audit   'motion-dom': [ '11.18.1' ],
315 silly audit   'motion-utils': [ '11.18.1' ],
315 silly audit   ms: [ '2.1.3' ],
315 silly audit   nanoid: [ '3.3.11' ],
315 silly audit   'natural-compare': [ '1.4.0' ],
315 silly audit   'node-fetch': [ '2.7.0' ],
315 silly audit   'node-releases': [ '2.0.27' ],
315 silly audit   once: [ '1.4.0' ],
315 silly audit   optionator: [ '0.9.4' ],
315 silly audit   'p-limit': [ '3.1.0' ],
315 silly audit   'p-locate': [ '5.0.0' ],
315 silly audit   'parent-module': [ '1.0.1' ],
315 silly audit   'path-exists': [ '4.0.0' ],
315 silly audit   'path-is-absolute': [ '1.0.1' ],
315 silly audit   'path-key': [ '3.1.1' ],
315 silly audit   'path-type': [ '4.0.0' ],
315 silly audit   picocolors: [ '1.1.1' ],
315 silly audit   picomatch: [ '2.3.1' ],
315 silly audit   postcss: [ '8.5.6' ],
315 silly audit   'postcss-value-parser': [ '4.2.0' ],
315 silly audit   'prelude-ls': [ '1.2.1' ],
315 silly audit   'proxy-from-env': [ '1.1.0' ],
315 silly audit   punycode: [ '2.3.1' ],
315 silly audit   'queue-microtask': [ '1.2.3' ],
315 silly audit   react: [ '18.3.1' ],
315 silly audit   'react-dom': [ '18.3.1' ],
315 silly audit   'react-i18next': [ '16.5.4' ],
315 silly audit   'react-is': [ '19.2.4' ],
315 silly audit   'react-redux': [ '9.2.0' ],
315 silly audit   'react-refresh': [ '0.17.0' ],
315 silly audit   recharts: [ '3.7.0' ],
315 silly audit   redux: [ '5.0.1' ],
315 silly audit   'redux-thunk': [ '3.1.0' ],
315 silly audit   reselect: [ '5.1.1' ],
315 silly audit   'resolve-from': [ '4.0.0' ],
315 silly audit   reusify: [ '1.1.0' ],
315 silly audit   rimraf: [ '3.0.2' ],
315 silly audit   rollup: [ '4.57.1' ],
315 silly audit   'run-parallel': [ '1.2.0' ],
315 silly audit   scheduler: [ '0.23.2' ],
315 silly audit   'shebang-command': [ '2.0.0' ],
315 silly audit   'shebang-regex': [ '3.0.0' ],
315 silly audit   slash: [ '3.0.0' ],
315 silly audit   'source-map-js': [ '1.2.1' ],
315 silly audit   'strip-ansi': [ '6.0.1' ],
315 silly audit   'strip-json-comments': [ '3.1.1' ],
315 silly audit   'supports-color': [ '7.2.0' ],
315 silly audit   'tailwind-merge': [ '3.4.0' ],
315 silly audit   tailwindcss: [ '4.1.18' ],
315 silly audit   tapable: [ '2.3.0' ],
315 silly audit   'text-table': [ '0.2.0' ],
315 silly audit   'tiny-invariant': [ '1.3.3' ],
315 silly audit   'to-regex-range': [ '5.0.1' ],
315 silly audit   tr46: [ '0.0.3' ],
315 silly audit   'ts-api-utils': [ '1.4.3' ],
315 silly audit   tslib: [ '2.8.1' ],
315 silly audit   tweetnacl: [ '1.0.3' ],
315 silly audit   'tweetnacl-util': [ '0.15.1' ],
315 silly audit   'type-check': [ '0.4.0' ],
315 silly audit   'type-fest': [ '0.20.2' ],
315 silly audit   typescript: [ '5.9.3' ],
315 silly audit   'ua-parser-js': [ '1.0.41' ],
315 silly audit   'update-browserslist-db': [ '1.2.3' ],
315 silly audit   'uri-js': [ '4.4.1' ],
315 silly audit   'use-sync-external-store': [ '1.6.0' ],
315 silly audit   'victory-vendor': [ '37.3.6' ],
315 silly audit   vite: [ '5.4.21' ],
315 silly audit   'void-elements': [ '3.1.0' ],
315 silly audit   'webidl-conversions': [ '3.0.1' ],
315 silly audit   'whatwg-url': [ '5.0.0' ],
315 silly audit   which: [ '2.0.2' ],
315 silly audit   'word-wrap': [ '1.2.5' ],
315 silly audit   wrappy: [ '1.0.2' ],
315 silly audit   yallist: [ '3.1.1' ],
315 silly audit   'yocto-queue': [ '0.1.0' ],
315 silly audit   zustand: [ '4.5.7' ],
315 silly audit   sharp: [ '0.34.5' ],
315 silly audit   svgo: [ '4.0.0' ],
315 silly audit   'vite-plugin-compression': [ '0.5.1' ],
315 silly audit   'vite-plugin-image-optimizer': [ '2.0.3' ],
315 silly audit   '@img/colour': [ '1.0.0' ],
315 silly audit   '@img/sharp-darwin-arm64': [ '0.34.5' ],
315 silly audit   '@img/sharp-darwin-x64': [ '0.34.5' ],
315 silly audit   '@img/sharp-libvips-darwin-arm64': [ '1.2.4' ],
315 silly audit   '@img/sharp-libvips-darwin-x64': [ '1.2.4' ],
315 silly audit   '@img/sharp-libvips-linux-arm': [ '1.2.4' ],
315 silly audit   '@img/sharp-libvips-linux-arm64': [ '1.2.4' ],
315 silly audit   '@img/sharp-libvips-linux-ppc64': [ '1.2.4' ],
315 silly audit   '@img/sharp-libvips-linux-riscv64': [ '1.2.4' ],
315 silly audit   '@img/sharp-libvips-linux-s390x': [ '1.2.4' ],
315 silly audit   '@img/sharp-libvips-linux-x64': [ '1.2.4' ],
315 silly audit   '@img/sharp-libvips-linuxmusl-arm64': [ '1.2.4' ],
315 silly audit   '@img/sharp-libvips-linuxmusl-x64': [ '1.2.4' ],
315 silly audit   '@img/sharp-linux-arm': [ '0.34.5' ],
315 silly audit   '@img/sharp-linux-arm64': [ '0.34.5' ],
315 silly audit   '@img/sharp-linux-ppc64': [ '0.34.5' ],
315 silly audit   '@img/sharp-linux-riscv64': [ '0.34.5' ],
315 silly audit   '@img/sharp-linux-s390x': [ '0.34.5' ],
315 silly audit   '@img/sharp-linux-x64': [ '0.34.5' ],
315 silly audit   '@img/sharp-linuxmusl-arm64': [ '0.34.5' ],
315 silly audit   '@img/sharp-linuxmusl-x64': [ '0.34.5' ],
315 silly audit   '@img/sharp-wasm32': [ '0.34.5' ],
315 silly audit   '@img/sharp-win32-arm64': [ '0.34.5' ],
315 silly audit   '@img/sharp-win32-ia32': [ '0.34.5' ],
315 silly audit   '@img/sharp-win32-x64': [ '0.34.5' ],
315 silly audit   '@emnapi/runtime': [ '1.8.1' ],
315 silly audit   commander: [ '11.1.0' ],
315 silly audit   'css-select': [ '5.2.2' ],
315 silly audit   'css-tree': [ '3.1.0', '2.2.1' ],
315 silly audit   'css-what': [ '6.2.2' ],
315 silly audit   csso: [ '5.0.5' ],
315 silly audit   sax: [ '1.4.4' ],
315 silly audit   boolbase: [ '1.0.0' ],
315 silly audit   domhandler: [ '5.0.3' ],
315 silly audit   domutils: [ '3.2.2' ],
315 silly audit   'nth-check': [ '2.1.1' ],
315 silly audit   'mdn-data': [ '2.12.2', '2.0.28' ],
315 silly audit   domelementtype: [ '2.3.0' ],
315 silly audit   'dom-serializer': [ '2.0.0' ],
315 silly audit   entities: [ '4.5.0' ],
315 silly audit   'fs-extra': [ '10.1.0' ],
315 silly audit   jsonfile: [ '6.2.0' ],
315 silly audit   universalify: [ '2.0.1' ],
315 silly audit   'ansi-colors': [ '4.1.3' ],
315 silly audit   pathe: [ '2.0.3' ]
315 silly audit }
316 http cache ansi-colors@https://registry.npmjs.org/ansi-colors/-/ansi-colors-4.1.3.tgz 0ms (cache hit)
317 http cache universalify@https://registry.npmjs.org/universalify/-/universalify-2.0.1.tgz 0ms (cache hit)
318 http cache pathe@https://registry.npmjs.org/pathe/-/pathe-2.0.3.tgz 0ms (cache hit)
319 http cache entities@https://registry.npmjs.org/entities/-/entities-4.5.0.tgz 0ms (cache hit)
320 http cache jsonfile@https://registry.npmjs.org/jsonfile/-/jsonfile-6.2.0.tgz 0ms (cache hit)
321 http cache fs-extra@https://registry.npmjs.org/fs-extra/-/fs-extra-10.1.0.tgz 0ms (cache hit)
322 http cache dom-serializer@https://registry.npmjs.org/dom-serializer/-/dom-serializer-2.0.0.tgz 0ms (cache hit)
323 http cache domutils@https://registry.npmjs.org/domutils/-/domutils-3.2.2.tgz 0ms (cache hit)
324 http cache mdn-data@https://registry.npmjs.org/mdn-data/-/mdn-data-2.12.2.tgz 0ms (cache hit)
325 http cache nth-check@https://registry.npmjs.org/nth-check/-/nth-check-2.1.1.tgz 0ms (cache hit)
326 http cache domhandler@https://registry.npmjs.org/domhandler/-/domhandler-5.0.3.tgz 0ms (cache hit)
327 http cache domelementtype@https://registry.npmjs.org/domelementtype/-/domelementtype-2.3.0.tgz 0ms (cache hit)
328 http cache csso@https://registry.npmjs.org/csso/-/csso-5.0.5.tgz 0ms (cache hit)
329 http cache css-tree@https://registry.npmjs.org/css-tree/-/css-tree-3.1.0.tgz 0ms (cache hit)
330 http cache css-select@https://registry.npmjs.org/css-select/-/css-select-5.2.2.tgz 0ms (cache hit)
331 http cache boolbase@https://registry.npmjs.org/boolbase/-/boolbase-1.0.0.tgz 0ms (cache hit)
332 http cache css-what@https://registry.npmjs.org/css-what/-/css-what-6.2.2.tgz 0ms (cache hit)
333 http cache commander@https://registry.npmjs.org/commander/-/commander-11.1.0.tgz 0ms (cache hit)
334 http cache @emnapi/runtime@https://registry.npmjs.org/@emnapi/runtime/-/runtime-1.8.1.tgz 0ms (cache hit)
335 http cache sax@https://registry.npmjs.org/sax/-/sax-1.4.4.tgz 0ms (cache hit)
336 http cache @img/colour@https://registry.npmjs.org/@img/colour/-/colour-1.0.0.tgz 0ms (cache hit)
337 http cache @img/sharp-darwin-arm64@https://registry.npmjs.org/@img/sharp-darwin-arm64/-/sharp-darwin-arm64-0.34.5.tgz 0ms (cache hit)
338 http cache @img/sharp-libvips-darwin-arm64@https://registry.npmjs.org/@img/sharp-libvips-darwin-arm64/-/sharp-libvips-darwin-arm64-1.2.4.tgz 0ms (cache hit)
339 http cache vite-plugin-image-optimizer@https://registry.npmjs.org/vite-plugin-image-optimizer/-/vite-plugin-image-optimizer-2.0.3.tgz 0ms (cache hit)
340 http cache vite-plugin-compression@https://registry.npmjs.org/vite-plugin-compression/-/vite-plugin-compression-0.5.1.tgz 0ms (cache hit)
341 http cache css-tree@https://registry.npmjs.org/css-tree/-/css-tree-2.2.1.tgz 0ms (cache hit)
342 http cache mdn-data@https://registry.npmjs.org/mdn-data/-/mdn-data-2.0.28.tgz 0ms (cache hit)
343 http cache svgo@https://registry.npmjs.org/svgo/-/svgo-4.0.0.tgz 0ms (cache hit)
344 http cache sharp@https://registry.npmjs.org/sharp/-/sharp-0.34.5.tgz 0ms (cache hit)
345 silly tarball no local data for ansi-colors@https://registry.npmjs.org/ansi-colors/-/ansi-colors-4.1.3.tgz. Extracting by manifest.
346 silly tarball no local data for universalify@https://registry.npmjs.org/universalify/-/universalify-2.0.1.tgz. Extracting by manifest.
347 silly tarball no local data for pathe@https://registry.npmjs.org/pathe/-/pathe-2.0.3.tgz. Extracting by manifest.
348 silly tarball no local data for entities@https://registry.npmjs.org/entities/-/entities-4.5.0.tgz. Extracting by manifest.
349 silly tarball no local data for jsonfile@https://registry.npmjs.org/jsonfile/-/jsonfile-6.2.0.tgz. Extracting by manifest.
350 silly tarball no local data for fs-extra@https://registry.npmjs.org/fs-extra/-/fs-extra-10.1.0.tgz. Extracting by manifest.
351 silly tarball no local data for dom-serializer@https://registry.npmjs.org/dom-serializer/-/dom-serializer-2.0.0.tgz. Extracting by manifest.
352 silly tarball no local data for domutils@https://registry.npmjs.org/domutils/-/domutils-3.2.2.tgz. Extracting by manifest.
353 silly tarball no local data for mdn-data@https://registry.npmjs.org/mdn-data/-/mdn-data-2.12.2.tgz. Extracting by manifest.
354 silly tarball no local data for nth-check@https://registry.npmjs.org/nth-check/-/nth-check-2.1.1.tgz. Extracting by manifest.
355 silly tarball no local data for domhandler@https://registry.npmjs.org/domhandler/-/domhandler-5.0.3.tgz. Extracting by manifest.
356 silly tarball no local data for domelementtype@https://registry.npmjs.org/domelementtype/-/domelementtype-2.3.0.tgz. Extracting by manifest.
357 silly tarball no local data for csso@https://registry.npmjs.org/csso/-/csso-5.0.5.tgz. Extracting by manifest.
358 silly tarball no local data for css-tree@https://registry.npmjs.org/css-tree/-/css-tree-3.1.0.tgz. Extracting by manifest.
359 silly tarball no local data for css-select@https://registry.npmjs.org/css-select/-/css-select-5.2.2.tgz. Extracting by manifest.
360 silly tarball no local data for boolbase@https://registry.npmjs.org/boolbase/-/boolbase-1.0.0.tgz. Extracting by manifest.
361 silly tarball no local data for css-what@https://registry.npmjs.org/css-what/-/css-what-6.2.2.tgz. Extracting by manifest.
362 silly tarball no local data for commander@https://registry.npmjs.org/commander/-/commander-11.1.0.tgz. Extracting by manifest.
363 silly tarball no local data for @emnapi/runtime@https://registry.npmjs.org/@emnapi/runtime/-/runtime-1.8.1.tgz. Extracting by manifest.
364 silly tarball no local data for sax@https://registry.npmjs.org/sax/-/sax-1.4.4.tgz. Extracting by manifest.
365 silly tarball no local data for @img/colour@https://registry.npmjs.org/@img/colour/-/colour-1.0.0.tgz. Extracting by manifest.
366 silly tarball no local data for @img/sharp-darwin-arm64@https://registry.npmjs.org/@img/sharp-darwin-arm64/-/sharp-darwin-arm64-0.34.5.tgz. Extracting by manifest.
367 silly tarball no local data for @img/sharp-libvips-darwin-arm64@https://registry.npmjs.org/@img/sharp-libvips-darwin-arm64/-/sharp-libvips-darwin-arm64-1.2.4.tgz. Extracting by manifest.
368 silly tarball no local data for vite-plugin-image-optimizer@https://registry.npmjs.org/vite-plugin-image-optimizer/-/vite-plugin-image-optimizer-2.0.3.tgz. Extracting by manifest.
369 silly tarball no local data for vite-plugin-compression@https://registry.npmjs.org/vite-plugin-compression/-/vite-plugin-compression-0.5.1.tgz. Extracting by manifest.
370 silly tarball no local data for css-tree@https://registry.npmjs.org/css-tree/-/css-tree-2.2.1.tgz. Extracting by manifest.
371 silly tarball no local data for mdn-data@https://registry.npmjs.org/mdn-data/-/mdn-data-2.0.28.tgz. Extracting by manifest.
372 silly tarball no local data for svgo@https://registry.npmjs.org/svgo/-/svgo-4.0.0.tgz. Extracting by manifest.
373 silly tarball no local data for sharp@https://registry.npmjs.org/sharp/-/sharp-0.34.5.tgz. Extracting by manifest.
374 http fetch GET 200 https://registry.npmjs.org/fs-extra/-/fs-extra-10.1.0.tgz 89ms (cache miss)
375 http fetch GET 200 https://registry.npmjs.org/ansi-colors/-/ansi-colors-4.1.3.tgz 113ms (cache miss)
376 http fetch GET 200 https://registry.npmjs.org/universalify/-/universalify-2.0.1.tgz 113ms (cache miss)
377 http fetch GET 200 https://registry.npmjs.org/pathe/-/pathe-2.0.3.tgz 114ms (cache miss)
378 http fetch GET 200 https://registry.npmjs.org/domutils/-/domutils-3.2.2.tgz 119ms (cache miss)
379 http fetch POST 200 https://registry.npmjs.org/-/npm/v1/security/advisories/bulk 136ms
380 silly audit report {
380 silly audit report   esbuild: [
380 silly audit report     {
380 silly audit report       id: 1102341,
380 silly audit report       url: 'https://github.com/advisories/GHSA-67mh-4wv8-2f99',
380 silly audit report       title: 'esbuild enables any website to send any requests to the development server and read the response',
380 silly audit report       severity: 'moderate',
380 silly audit report       vulnerable_versions: '<=0.24.2',
380 silly audit report       cwe: [Array],
380 silly audit report       cvss: [Object]
380 silly audit report     }
380 silly audit report   ]
380 silly audit report }
381 silly packumentCache corgi:https://registry.npmjs.org/esbuild cache-miss
382 http fetch GET 200 https://registry.npmjs.org/jsonfile/-/jsonfile-6.2.0.tgz 148ms (cache miss)
383 http fetch GET 200 https://registry.npmjs.org/dom-serializer/-/dom-serializer-2.0.0.tgz 149ms (cache miss)
384 http fetch GET 200 https://registry.npmjs.org/entities/-/entities-4.5.0.tgz 154ms (cache miss)
385 http fetch GET 200 https://registry.npmjs.org/commander/-/commander-11.1.0.tgz 174ms (cache miss)
386 http fetch GET 200 https://registry.npmjs.org/boolbase/-/boolbase-1.0.0.tgz 177ms (cache miss)
387 http fetch GET 200 https://registry.npmjs.org/css-select/-/css-select-5.2.2.tgz 177ms (cache miss)
388 http fetch GET 200 https://registry.npmjs.org/css-what/-/css-what-6.2.2.tgz 178ms (cache miss)
389 http fetch GET 200 https://registry.npmjs.org/sax/-/sax-1.4.4.tgz 190ms (cache miss)
390 http fetch GET 200 https://registry.npmjs.org/@emnapi/runtime/-/runtime-1.8.1.tgz 223ms (cache miss)
391 http fetch GET 200 https://registry.npmjs.org/domhandler/-/domhandler-5.0.3.tgz 226ms (cache miss)
392 http fetch GET 200 https://registry.npmjs.org/vite-plugin-image-optimizer/-/vite-plugin-image-optimizer-2.0.3.tgz 236ms (cache miss)
393 http fetch GET 200 https://registry.npmjs.org/vite-plugin-compression/-/vite-plugin-compression-0.5.1.tgz 236ms (cache miss)
394 http fetch GET 200 https://registry.npmjs.org/mdn-data/-/mdn-data-2.12.2.tgz 240ms (cache miss)
395 http fetch GET 200 https://registry.npmjs.org/@img/colour/-/colour-1.0.0.tgz 279ms (cache miss)
396 http fetch GET 200 https://registry.npmjs.org/nth-check/-/nth-check-2.1.1.tgz 794ms (cache miss)
397 http fetch GET 200 https://registry.npmjs.org/@img/sharp-darwin-arm64/-/sharp-darwin-arm64-0.34.5.tgz 794ms (cache miss)
398 http fetch GET 200 https://registry.npmjs.org/sharp/-/sharp-0.34.5.tgz 884ms (cache miss)
399 http fetch GET 200 https://registry.npmjs.org/csso/-/csso-5.0.5.tgz 936ms (cache miss)
400 http fetch GET 200 https://registry.npmjs.org/domelementtype/-/domelementtype-2.3.0.tgz 1119ms (cache miss)
401 http fetch GET 200 https://registry.npmjs.org/svgo/-/svgo-4.0.0.tgz 1138ms (cache miss)
402 http fetch GET 200 https://registry.npmjs.org/esbuild 1082ms (cache miss)
403 silly packumentCache corgi:https://registry.npmjs.org/esbuild set size:undefined disposed:false
404 silly packumentCache corgi:https://registry.npmjs.org/vite cache-miss
405 http fetch GET 200 https://registry.npmjs.org/css-tree/-/css-tree-3.1.0.tgz 2002ms (cache miss)
406 http fetch GET 200 https://registry.npmjs.org/css-tree/-/css-tree-2.2.1.tgz 2051ms (cache miss)
407 http fetch GET 200 https://registry.npmjs.org/vite 2137ms (cache miss)
408 silly packumentCache corgi:https://registry.npmjs.org/vite set size:undefined disposed:false
409 silly packumentCache corgi:https://registry.npmjs.org/@tailwindcss%2fvite cache-miss
410 silly packumentCache corgi:https://registry.npmjs.org/@vitejs%2fplugin-react cache-miss
411 silly packumentCache corgi:https://registry.npmjs.org/vite-plugin-compression cache-miss
412 silly packumentCache corgi:https://registry.npmjs.org/vite-plugin-image-optimizer cache-miss
413 http fetch GET 200 https://registry.npmjs.org/@vitejs%2fplugin-react 163ms (cache miss)
414 silly packumentCache corgi:https://registry.npmjs.org/@vitejs%2fplugin-react set size:undefined disposed:false
415 http fetch GET 200 https://registry.npmjs.org/vite-plugin-image-optimizer 360ms (cache miss)
416 silly packumentCache corgi:https://registry.npmjs.org/vite-plugin-image-optimizer set size:undefined disposed:false
417 http fetch GET 200 https://registry.npmjs.org/vite-plugin-compression 363ms (cache miss)
418 silly packumentCache corgi:https://registry.npmjs.org/vite-plugin-compression set size:undefined disposed:false
419 http fetch GET 200 https://registry.npmjs.org/@tailwindcss%2fvite 867ms (cache miss)
420 silly packumentCache corgi:https://registry.npmjs.org/@tailwindcss%2fvite set size:undefined disposed:false
421 http fetch GET 200 https://registry.npmjs.org/mdn-data/-/mdn-data-2.0.28.tgz 9264ms (cache miss)
422 http fetch GET 200 https://registry.npmjs.org/@img/sharp-libvips-darwin-arm64/-/sharp-libvips-darwin-arm64-1.2.4.tgz 12575ms (cache miss)
423 info run sharp@0.34.5 install node_modules/sharp node install/check.js || npm run build
424 info run sharp@0.34.5 install { code: 0, signal: null }
425 silly ADD node_modules/pathe
426 silly ADD node_modules/ansi-colors
427 silly ADD node_modules/universalify
428 silly ADD node_modules/jsonfile
429 silly ADD node_modules/fs-extra
430 silly ADD node_modules/entities
431 silly ADD node_modules/dom-serializer
432 silly ADD node_modules/domelementtype
433 silly ADD node_modules/mdn-data
434 silly ADD node_modules/nth-check
435 silly ADD node_modules/domutils
436 silly ADD node_modules/domhandler
437 silly ADD node_modules/boolbase
438 silly ADD node_modules/sax
439 silly ADD node_modules/csso
440 silly ADD node_modules/csso/node_modules/mdn-data
441 silly ADD node_modules/csso/node_modules/css-tree
442 silly ADD node_modules/css-what
443 silly ADD node_modules/css-tree
444 silly ADD node_modules/css-select
445 silly ADD node_modules/commander
446 silly ADD node_modules/@emnapi/runtime
447 silly ADD node_modules/@img/sharp-libvips-darwin-arm64
448 silly ADD node_modules/@img/sharp-darwin-arm64
449 silly ADD node_modules/@img/colour
450 silly ADD node_modules/vite-plugin-image-optimizer
451 silly ADD node_modules/vite-plugin-compression
452 silly ADD node_modules/svgo
453 silly ADD node_modules/sharp
454 verbose cwd /Users/grandmaestro/Documents/P2PHub/frontend
455 verbose os Darwin 25.2.0
456 verbose node v24.12.0
457 verbose npm  v11.6.2
458 notice
458 notice New minor version of npm available! 11.6.2 -> 11.9.0
458 notice Changelog: https://github.com/npm/cli/releases/tag/v11.9.0
458 notice To update run: npm install -g npm@11.9.0
458 notice  { force: true, Symbol(proc-log.meta): true }
459 verbose exit 0
460 info ok
