0 verbose cli /usr/local/bin/node /usr/local/bin/npm
1 info using npm@11.6.2
2 info using node@v24.12.0
3 silly config load:file:/usr/local/lib/node_modules/npm/npmrc
4 silly config load:file:/Users/grandmaestro/Documents/P2PHub/frontend/.npmrc
5 silly config load:file:/Users/grandmaestro/.npmrc
6 silly config load:file:/Users/grandmaestro/Documents/Pintopay Partner/tools/etc/npmrc
7 verbose title npm install vite-plugin-image-optimizer sharp svgo vite-plugin-compression
8 verbose argv "install" "vite-plugin-image-optimizer" "sharp" "svgo" "vite-plugin-compression" "--save-dev" "--cache" "./local_npm_cache"
9 verbose logfile logs-max:10 dir:/Users/grandmaestro/Documents/P2PHub/frontend/local_npm_cache/_logs/2026-02-09T17_07_51_646Z-
10 verbose logfile /Users/grandmaestro/Documents/P2PHub/frontend/local_npm_cache/_logs/2026-02-09T17_07_51_646Z-debug-0.log
11 silly logfile done cleaning log files
12 silly packumentCache heap:4496293888 maxSize:1124073472 maxEntrySize:562036736
13 silly idealTree buildDeps
14 silly fetch manifest sharp@^0.34.5
15 silly packumentCache full:https://registry.npmjs.org/sharp cache-miss
16 http cache https://registry.npmjs.org/sharp 22ms (cache hit)
17 silly packumentCache full:https://registry.npmjs.org/sharp set size:1034463 disposed:false
18 silly fetch manifest svgo@^4.0.0
19 silly packumentCache full:https://registry.npmjs.org/svgo cache-miss
20 http cache https://registry.npmjs.org/svgo 2ms (cache hit)
21 silly packumentCache full:https://registry.npmjs.org/svgo set size:287303 disposed:false
22 silly fetch manifest vite-plugin-compression@^0.5.1
23 silly packumentCache full:https://registry.npmjs.org/vite-plugin-compression cache-miss
24 http cache https://registry.npmjs.org/vite-plugin-compression 2ms (cache hit)
25 silly packumentCache full:https://registry.npmjs.org/vite-plugin-compression set size:52781 disposed:false
26 silly fetch manifest vite@^5.1.0
27 silly packumentCache full:https://registry.npmjs.org/vite cache-miss
28 http cache https://registry.npmjs.org/vite 33ms (cache hit)
29 silly packumentCache full:https://registry.npmjs.org/vite set size:38717524 disposed:false
30 silly fetch manifest @types/node@^18.0.0 || >=20.0.0
31 silly packumentCache full:https://registry.npmjs.org/@types%2fnode cache-miss
32 http cache https://registry.npmjs.org/@types%2fnode 12ms (cache hit)
33 silly packumentCache full:https://registry.npmjs.org/@types%2fnode set size:10847993 disposed:false
34 silly fetch manifest less@*
35 silly packumentCache full:https://registry.npmjs.org/less cache-miss
36 http cache https://registry.npmjs.org/less 2ms (cache hit)
37 silly packumentCache full:https://registry.npmjs.org/less set size:430648 disposed:false
38 silly fetch manifest lightningcss@^1.21.0
39 silly packumentCache full:https://registry.npmjs.org/lightningcss cache-miss
40 http cache https://registry.npmjs.org/lightningcss 2ms (cache hit)
41 silly packumentCache full:https://registry.npmjs.org/lightningcss set size:182441 disposed:false
42 silly fetch manifest sass@*
43 silly packumentCache full:https://registry.npmjs.org/sass cache-miss
44 http cache https://registry.npmjs.org/sass 2ms (cache hit)
45 silly packumentCache full:https://registry.npmjs.org/sass set size:722061 disposed:false
46 silly fetch manifest sass-embedded@*
47 silly packumentCache full:https://registry.npmjs.org/sass-embedded cache-miss
48 http cache https://registry.npmjs.org/sass-embedded 2ms (cache hit)
49 silly packumentCache full:https://registry.npmjs.org/sass-embedded set size:407397 disposed:false
50 silly fetch manifest stylus@*
51 silly packumentCache full:https://registry.npmjs.org/stylus cache-miss
52 http cache https://registry.npmjs.org/stylus 2ms (cache hit)
53 silly packumentCache full:https://registry.npmjs.org/stylus set size:286766 disposed:false
54 silly fetch manifest sugarss@*
55 silly packumentCache full:https://registry.npmjs.org/sugarss cache-miss
56 http cache https://registry.npmjs.org/sugarss 1ms (cache hit)
57 silly packumentCache full:https://registry.npmjs.org/sugarss set size:44975 disposed:false
58 silly fetch manifest postcss@^8.4.0
59 silly packumentCache full:https://registry.npmjs.org/postcss cache-miss
60 http cache https://registry.npmjs.org/postcss 1ms (cache hit)
61 silly packumentCache full:https://registry.npmjs.org/postcss set size:696248 disposed:false
62 silly fetch manifest terser@^5.4.0
63 silly packumentCache full:https://registry.npmjs.org/terser cache-miss
64 http cache https://registry.npmjs.org/terser 2ms (cache hit)
65 silly packumentCache full:https://registry.npmjs.org/terser set size:786629 disposed:false
66 silly fetch manifest vite-plugin-image-optimizer@^2.0.3
67 silly packumentCache full:https://registry.npmjs.org/vite-plugin-image-optimizer cache-miss
68 http cache https://registry.npmjs.org/vite-plugin-image-optimizer 2ms (cache hit)
69 silly packumentCache full:https://registry.npmjs.org/vite-plugin-image-optimizer set size:114978 disposed:false
70 silly placeDep ROOT sharp@0.34.5 REPLACE for: frontend@1.4.0 want: ^0.34.5
71 silly placeDep ROOT svgo@4.0.0 REPLACE for: frontend@1.4.0 want: ^4.0.0
72 silly placeDep ROOT vite-plugin-compression@0.5.1 REPLACE for: frontend@1.4.0 want: ^0.5.1
73 silly placeDep ROOT vite-plugin-image-optimizer@2.0.3 REPLACE for: frontend@1.4.0 want: ^2.0.3
74 silly reify moves {}
75 silly audit bulk request {
75 silly audit   '@babel/code-frame': [ '7.29.0' ],
75 silly audit   '@babel/compat-data': [ '7.29.0' ],
75 silly audit   '@babel/core': [ '7.29.0' ],
75 silly audit   semver: [ '6.3.1', '7.7.4' ],
75 silly audit   '@babel/generator': [ '7.29.1' ],
75 silly audit   '@babel/helper-compilation-targets': [ '7.28.6' ],
75 silly audit   '@babel/helper-globals': [ '7.28.0' ],
75 silly audit   '@babel/helper-module-imports': [ '7.28.6' ],
75 silly audit   '@babel/helper-module-transforms': [ '7.28.6' ],
75 silly audit   '@babel/helper-plugin-utils': [ '7.28.6' ],
75 silly audit   '@babel/helper-string-parser': [ '7.27.1' ],
75 silly audit   '@babel/helper-validator-identifier': [ '7.28.5' ],
75 silly audit   '@babel/helper-validator-option': [ '7.27.1' ],
75 silly audit   '@babel/helpers': [ '7.28.6' ],
75 silly audit   '@babel/parser': [ '7.29.0' ],
75 silly audit   '@babel/plugin-transform-react-jsx-self': [ '7.27.1' ],
75 silly audit   '@babel/plugin-transform-react-jsx-source': [ '7.27.1' ],
75 silly audit   '@babel/runtime': [ '7.28.6' ],
75 silly audit   '@babel/template': [ '7.28.6' ],
75 silly audit   '@babel/traverse': [ '7.29.0' ],
75 silly audit   '@babel/types': [ '7.29.0' ],
75 silly audit   '@emnapi/runtime': [ '1.8.1' ],
75 silly audit   '@esbuild/aix-ppc64': [ '0.21.5' ],
75 silly audit   '@esbuild/android-arm': [ '0.21.5' ],
75 silly audit   '@esbuild/android-arm64': [ '0.21.5' ],
75 silly audit   '@esbuild/android-x64': [ '0.21.5' ],
75 silly audit   '@esbuild/darwin-arm64': [ '0.21.5' ],
75 silly audit   '@esbuild/darwin-x64': [ '0.21.5' ],
75 silly audit   '@esbuild/freebsd-arm64': [ '0.21.5' ],
75 silly audit   '@esbuild/freebsd-x64': [ '0.21.5' ],
75 silly audit   '@esbuild/linux-arm': [ '0.21.5' ],
75 silly audit   '@esbuild/linux-arm64': [ '0.21.5' ],
75 silly audit   '@esbuild/linux-ia32': [ '0.21.5' ],
75 silly audit   '@esbuild/linux-loong64': [ '0.21.5' ],
75 silly audit   '@esbuild/linux-mips64el': [ '0.21.5' ],
75 silly audit   '@esbuild/linux-ppc64': [ '0.21.5' ],
75 silly audit   '@esbuild/linux-riscv64': [ '0.21.5' ],
75 silly audit   '@esbuild/linux-s390x': [ '0.21.5' ],
75 silly audit   '@esbuild/linux-x64': [ '0.21.5' ],
75 silly audit   '@esbuild/netbsd-x64': [ '0.21.5' ],
75 silly audit   '@esbuild/openbsd-x64': [ '0.21.5' ],
75 silly audit   '@esbuild/sunos-x64': [ '0.21.5' ],
75 silly audit   '@esbuild/win32-arm64': [ '0.21.5' ],
75 silly audit   '@esbuild/win32-ia32': [ '0.21.5' ],
75 silly audit   '@esbuild/win32-x64': [ '0.21.5' ],
75 silly audit   '@eslint-community/eslint-utils': [ '4.9.1' ],
75 silly audit   '@eslint-community/regexpp': [ '4.12.2' ],
75 silly audit   '@eslint/eslintrc': [ '2.1.4' ],
75 silly audit   'brace-expansion': [ '1.1.12', '2.0.2' ],
75 silly audit   minimatch: [ '3.1.2', '9.0.3' ],
75 silly audit   '@eslint/js': [ '8.57.1' ],
75 silly audit   '@humanwhocodes/config-array': [ '0.13.0' ],
75 silly audit   '@humanwhocodes/module-importer': [ '1.0.1' ],
75 silly audit   '@humanwhocodes/object-schema': [ '2.0.3' ],
75 silly audit   '@img/colour': [ '1.0.0' ],
75 silly audit   '@img/sharp-darwin-arm64': [ '0.34.5' ],
75 silly audit   '@img/sharp-darwin-x64': [ '0.34.5' ],
75 silly audit   '@img/sharp-libvips-darwin-arm64': [ '1.2.4' ],
75 silly audit   '@img/sharp-libvips-darwin-x64': [ '1.2.4' ],
75 silly audit   '@img/sharp-libvips-linux-arm': [ '1.2.4' ],
75 silly audit   '@img/sharp-libvips-linux-arm64': [ '1.2.4' ],
75 silly audit   '@img/sharp-libvips-linux-ppc64': [ '1.2.4' ],
75 silly audit   '@img/sharp-libvips-linux-riscv64': [ '1.2.4' ],
75 silly audit   '@img/sharp-libvips-linux-s390x': [ '1.2.4' ],
75 silly audit   '@img/sharp-libvips-linux-x64': [ '1.2.4' ],
75 silly audit   '@img/sharp-libvips-linuxmusl-arm64': [ '1.2.4' ],
75 silly audit   '@img/sharp-libvips-linuxmusl-x64': [ '1.2.4' ],
75 silly audit   '@img/sharp-linux-arm': [ '0.34.5' ],
75 silly audit   '@img/sharp-linux-arm64': [ '0.34.5' ],
75 silly audit   '@img/sharp-linux-ppc64': [ '0.34.5' ],
75 silly audit   '@img/sharp-linux-riscv64': [ '0.34.5' ],
75 silly audit   '@img/sharp-linux-s390x': [ '0.34.5' ],
75 silly audit   '@img/sharp-linux-x64': [ '0.34.5' ],
75 silly audit   '@img/sharp-linuxmusl-arm64': [ '0.34.5' ],
75 silly audit   '@img/sharp-linuxmusl-x64': [ '0.34.5' ],
75 silly audit   '@img/sharp-wasm32': [ '0.34.5' ],
75 silly audit   '@img/sharp-win32-arm64': [ '0.34.5' ],
75 silly audit   '@img/sharp-win32-ia32': [ '0.34.5' ],
75 silly audit   '@img/sharp-win32-x64': [ '0.34.5' ],
75 silly audit   '@jridgewell/gen-mapping': [ '0.3.13' ],
75 silly audit   '@jridgewell/remapping': [ '2.3.5' ],
75 silly audit   '@jridgewell/resolve-uri': [ '3.1.2' ],
75 silly audit   '@jridgewell/sourcemap-codec': [ '1.5.5' ],
75 silly audit   '@jridgewell/trace-mapping': [ '0.3.31' ],
75 silly audit   '@nodelib/fs.scandir': [ '2.1.5' ],
75 silly audit   '@nodelib/fs.stat': [ '2.0.5' ],
75 silly audit   '@nodelib/fs.walk': [ '1.2.8' ],
75 silly audit   '@reduxjs/toolkit': [ '2.11.2' ],
75 silly audit   immer: [ '11.1.3', '10.2.0' ],
75 silly audit   '@rolldown/pluginutils': [ '1.0.0-beta.27' ],
75 silly audit   '@rollup/rollup-android-arm-eabi': [ '4.57.1' ],
75 silly audit   '@rollup/rollup-android-arm64': [ '4.57.1' ],
75 silly audit   '@rollup/rollup-darwin-arm64': [ '4.57.1' ],
75 silly audit   '@rollup/rollup-darwin-x64': [ '4.57.1' ],
75 silly audit   '@rollup/rollup-freebsd-arm64': [ '4.57.1' ],
75 silly audit   '@rollup/rollup-freebsd-x64': [ '4.57.1' ],
75 silly audit   '@rollup/rollup-linux-arm-gnueabihf': [ '4.57.1' ],
75 silly audit   '@rollup/rollup-linux-arm-musleabihf': [ '4.57.1' ],
75 silly audit   '@rollup/rollup-linux-arm64-gnu': [ '4.57.1' ],
75 silly audit   '@rollup/rollup-linux-arm64-musl': [ '4.57.1' ],
75 silly audit   '@rollup/rollup-linux-loong64-gnu': [ '4.57.1' ],
75 silly audit   '@rollup/rollup-linux-loong64-musl': [ '4.57.1' ],
75 silly audit   '@rollup/rollup-linux-ppc64-gnu': [ '4.57.1' ],
75 silly audit   '@rollup/rollup-linux-ppc64-musl': [ '4.57.1' ],
75 silly audit   '@rollup/rollup-linux-riscv64-gnu': [ '4.57.1' ],
75 silly audit   '@rollup/rollup-linux-riscv64-musl': [ '4.57.1' ],
75 silly audit   '@rollup/rollup-linux-s390x-gnu': [ '4.57.1' ],
75 silly audit   '@rollup/rollup-linux-x64-gnu': [ '4.57.1' ],
75 silly audit   '@rollup/rollup-linux-x64-musl': [ '4.57.1' ],
75 silly audit   '@rollup/rollup-openbsd-x64': [ '4.57.1' ],
75 silly audit   '@rollup/rollup-openharmony-arm64': [ '4.57.1' ],
75 silly audit   '@rollup/rollup-win32-arm64-msvc': [ '4.57.1' ],
75 silly audit   '@rollup/rollup-win32-ia32-msvc': [ '4.57.1' ],
75 silly audit   '@rollup/rollup-win32-x64-gnu': [ '4.57.1' ],
75 silly audit   '@rollup/rollup-win32-x64-msvc': [ '4.57.1' ],
75 silly audit   '@standard-schema/spec': [ '1.1.0' ],
75 silly audit   '@standard-schema/utils': [ '0.3.0' ],
75 silly audit   '@tailwindcss/node': [ '4.1.18' ],
75 silly audit   '@tailwindcss/oxide': [ '4.1.18' ],
75 silly audit   '@tailwindcss/oxide-android-arm64': [ '4.1.18' ],
75 silly audit   '@tailwindcss/oxide-darwin-arm64': [ '4.1.18' ],
75 silly audit   '@tailwindcss/oxide-darwin-x64': [ '4.1.18' ],
75 silly audit   '@tailwindcss/oxide-freebsd-x64': [ '4.1.18' ],
75 silly audit   '@tailwindcss/oxide-linux-arm-gnueabihf': [ '4.1.18' ],
75 silly audit   '@tailwindcss/oxide-linux-arm64-gnu': [ '4.1.18' ],
75 silly audit   '@tailwindcss/oxide-linux-arm64-musl': [ '4.1.18' ],
75 silly audit   '@tailwindcss/oxide-linux-x64-gnu': [ '4.1.18' ],
75 silly audit   '@tailwindcss/oxide-linux-x64-musl': [ '4.1.18' ],
75 silly audit   '@tailwindcss/oxide-wasm32-wasi': [ '4.1.18' ],
75 silly audit   '@tailwindcss/oxide-win32-arm64-msvc': [ '4.1.18' ],
75 silly audit   '@tailwindcss/oxide-win32-x64-msvc': [ '4.1.18' ],
75 silly audit   '@tailwindcss/vite': [ '4.1.18' ],
75 silly audit   '@tanstack/query-core': [ '5.90.20' ],
75 silly audit   '@tanstack/react-query': [ '5.90.20' ],
75 silly audit   '@telegram-apps/bridge': [ '1.9.2' ],
75 silly audit   '@telegram-apps/navigation': [ '1.0.14' ],
75 silly audit   '@telegram-apps/sdk': [ '2.11.3' ],
75 silly audit   '@telegram-apps/sdk-react': [ '2.0.25' ],
75 silly audit   '@telegram-apps/signals': [ '1.1.2' ],
75 silly audit   '@telegram-apps/toolkit': [ '1.1.1' ],
75 silly audit   '@telegram-apps/transformers': [ '1.2.2' ],
75 silly audit   '@telegram-apps/types': [ '1.2.1' ],
75 silly audit   '@tonconnect/isomorphic-eventsource': [ '0.0.2' ],
75 silly audit   '@tonconnect/isomorphic-fetch': [ '0.0.3' ],
75 silly audit   '@tonconnect/protocol': [ '2.4.0' ],
75 silly audit   '@tonconnect/sdk': [ '3.4.1' ],
75 silly audit   '@tonconnect/ui': [ '2.4.1' ],
75 silly audit   '@tonconnect/ui-react': [ '2.4.1' ],
75 silly audit   '@types/babel__core': [ '7.20.5' ],
75 silly audit   '@types/babel__generator': [ '7.27.0' ],
75 silly audit   '@types/babel__template': [ '7.4.4' ],
75 silly audit   '@types/babel__traverse': [ '7.28.0' ],
75 silly audit   '@types/d3-array': [ '3.2.2' ],
75 silly audit   '@types/d3-color': [ '3.1.3' ],
75 silly audit   '@types/d3-ease': [ '3.0.2' ],
75 silly audit   '@types/d3-interpolate': [ '3.0.4' ],
75 silly audit   '@types/d3-path': [ '3.1.1' ],
75 silly audit   '@types/d3-scale': [ '4.0.9' ],
75 silly audit   '@types/d3-shape': [ '3.1.8' ],
75 silly audit   '@types/d3-time': [ '3.0.4' ],
75 silly audit   '@types/d3-timer': [ '3.0.2' ],
75 silly audit   '@types/estree': [ '1.0.8' ],
75 silly audit   '@types/json-schema': [ '7.0.15' ],
75 silly audit   '@types/prop-types': [ '15.7.15' ],
75 silly audit   '@types/react': [ '18.3.28' ],
75 silly audit   '@types/react-dom': [ '18.3.7' ],
75 silly audit   '@types/semver': [ '7.7.1' ],
75 silly audit   '@types/use-sync-external-store': [ '0.0.6' ],
75 silly audit   '@typescript-eslint/eslint-plugin': [ '6.21.0' ],
75 silly audit   '@typescript-eslint/parser': [ '6.21.0' ],
75 silly audit   '@typescript-eslint/scope-manager': [ '6.21.0' ],
75 silly audit   '@typescript-eslint/type-utils': [ '6.21.0' ],
75 silly audit   '@typescript-eslint/types': [ '6.21.0' ],
75 silly audit   '@typescript-eslint/typescript-estree': [ '6.21.0' ],
75 silly audit   '@typescript-eslint/utils': [ '6.21.0' ],
75 silly audit   '@typescript-eslint/visitor-keys': [ '6.21.0' ],
75 silly audit   '@ungap/structured-clone': [ '1.3.0' ],
75 silly audit   '@vitejs/plugin-react': [ '4.7.0' ],
75 silly audit   acorn: [ '8.15.0' ],
75 silly audit   'acorn-jsx': [ '5.3.2' ],
75 silly audit   ajv: [ '6.12.6' ],
75 silly audit   'ansi-colors': [ '4.1.3' ],
75 silly audit   'ansi-regex': [ '5.0.1' ],
75 silly audit   'ansi-styles': [ '4.3.0' ],
75 silly audit   argparse: [ '2.0.1' ],
75 silly audit   'array-union': [ '2.1.0' ],
75 silly audit   asynckit: [ '0.4.0' ],
75 silly audit   autoprefixer: [ '10.4.24' ],
75 silly audit   axios: [ '1.13.4' ],
75 silly audit   'balanced-match': [ '1.0.2' ],
75 silly audit   'baseline-browser-mapping': [ '2.9.19' ],
75 silly audit   boolbase: [ '1.0.0' ],
75 silly audit   braces: [ '3.0.3' ],
75 silly audit   browserslist: [ '4.28.1' ],
75 silly audit   'call-bind-apply-helpers': [ '1.0.2' ],
75 silly audit   callsites: [ '3.1.0' ],
75 silly audit   'caniuse-lite': [ '1.0.30001769' ],
75 silly audit   chalk: [ '4.1.2' ],
75 silly audit   classnames: [ '2.5.1' ],
75 silly audit   clsx: [ '2.1.1' ],
75 silly audit   'color-convert': [ '2.0.1' ],
75 silly audit   'color-name': [ '1.1.4' ],
75 silly audit   'combined-stream': [ '1.0.8' ],
75 silly audit   commander: [ '11.1.0' ],
75 silly audit   'concat-map': [ '0.0.1' ],
75 silly audit   'convert-source-map': [ '2.0.0' ],
75 silly audit   'cross-spawn': [ '7.0.6' ],
75 silly audit   'css-select': [ '5.2.2' ],
75 silly audit   'css-tree': [ '3.1.0', '2.2.1' ],
75 silly audit   'css-what': [ '6.2.2' ],
75 silly audit   csso: [ '5.0.5' ],
75 silly audit   'mdn-data': [ '2.0.28', '2.12.2' ],
75 silly audit   csstype: [ '3.2.3' ],
75 silly audit   'd3-array': [ '3.2.4' ],
75 silly audit   'd3-color': [ '3.1.0' ],
75 silly audit   'd3-ease': [ '3.0.1' ],
75 silly audit   'd3-format': [ '3.1.2' ],
75 silly audit   'd3-interpolate': [ '3.0.1' ],
75 silly audit   'd3-path': [ '3.1.0' ],
75 silly audit   'd3-scale': [ '4.0.2' ],
75 silly audit   'd3-shape': [ '3.2.0' ],
75 silly audit   'd3-time': [ '3.1.0' ],
75 silly audit   'd3-time-format': [ '4.1.0' ],
75 silly audit   'd3-timer': [ '3.0.1' ],
75 silly audit   debug: [ '4.4.3' ],
75 silly audit   'decimal.js-light': [ '2.5.1' ],
75 silly audit   'deep-is': [ '0.1.4' ],
75 silly audit   deepmerge: [ '4.3.1' ],
75 silly audit   'delayed-stream': [ '1.0.0' ],
75 silly audit   'detect-libc': [ '2.1.2' ],
75 silly audit   'dir-glob': [ '3.0.1' ],
75 silly audit   doctrine: [ '3.0.0' ],
75 silly audit   'dom-serializer': [ '2.0.0' ],
75 silly audit   domelementtype: [ '2.3.0' ],
75 silly audit   domhandler: [ '5.0.3' ],
75 silly audit   domutils: [ '3.2.2' ],
75 silly audit   'dunder-proto': [ '1.0.1' ],
75 silly audit   'electron-to-chromium': [ '1.5.286' ],
75 silly audit   'enhanced-resolve': [ '5.19.0' ],
75 silly audit   entities: [ '4.5.0' ],
75 silly audit   'es-define-property': [ '1.0.1' ],
75 silly audit   'es-errors': [ '1.3.0' ],
75 silly audit   'es-object-atoms': [ '1.1.1' ],
75 silly audit   'es-set-tostringtag': [ '2.1.0' ],
75 silly audit   'es-toolkit': [ '1.44.0' ],
75 silly audit   esbuild: [ '0.21.5' ],
75 silly audit   escalade: [ '3.2.0' ],
75 silly audit   'escape-string-regexp': [ '4.0.0' ],
75 silly audit   eslint: [ '8.57.1' ],
75 silly audit   'eslint-plugin-react-hooks': [ '4.6.2' ],
75 silly audit   'eslint-plugin-react-refresh': [ '0.4.26' ],
75 silly audit   'eslint-scope': [ '7.2.2' ],
75 silly audit   'eslint-visitor-keys': [ '3.4.3' ],
75 silly audit   espree: [ '9.6.1' ],
75 silly audit   esquery: [ '1.7.0' ],
75 silly audit   esrecurse: [ '4.3.0' ],
75 silly audit   estraverse: [ '5.3.0' ],
75 silly audit   esutils: [ '2.0.3' ],
75 silly audit   eventemitter3: [ '5.0.4' ],
75 silly audit   eventsource: [ '2.0.2' ],
75 silly audit   'fast-deep-equal': [ '3.1.3' ],
75 silly audit   'fast-glob': [ '3.3.3' ],
75 silly audit   'glob-parent': [ '5.1.2', '6.0.2' ],
75 silly audit   'fast-json-stable-stringify': [ '2.1.0' ],
75 silly audit   'fast-levenshtein': [ '2.0.6' ],
75 silly audit   fastq: [ '1.20.1' ],
75 silly audit   'file-entry-cache': [ '6.0.1' ],
75 silly audit   'fill-range': [ '7.1.1' ],
75 silly audit   'find-up': [ '5.0.0' ],
75 silly audit   'flat-cache': [ '3.2.0' ],
75 silly audit   flatted: [ '3.3.3' ],
75 silly audit   'follow-redirects': [ '1.15.11' ],
75 silly audit   'form-data': [ '4.0.5' ],
75 silly audit   'fraction.js': [ '5.3.4' ],
75 silly audit   'framer-motion': [ '11.18.2' ],
75 silly audit   'fs-extra': [ '10.1.0' ],
75 silly audit   'fs.realpath': [ '1.0.0' ],
75 silly audit   fsevents: [ '2.3.3' ],
75 silly audit   'function-bind': [ '1.1.2' ],
75 silly audit   gensync: [ '1.0.0-beta.2' ],
75 silly audit   'get-intrinsic': [ '1.3.0' ],
75 silly audit   'get-proto': [ '1.0.1' ],
75 silly audit   glob: [ '7.2.3' ],
75 silly audit   globals: [ '13.24.0' ],
75 silly audit   globby: [ '11.1.0' ],
75 silly audit   gopd: [ '1.2.0' ],
75 silly audit   'graceful-fs': [ '4.2.11' ],
75 silly audit   graphemer: [ '1.4.0' ],
75 silly audit   'has-flag': [ '4.0.0' ],
75 silly audit   'has-symbols': [ '1.1.0' ],
75 silly audit   'has-tostringtag': [ '1.0.2' ],
75 silly audit   hasown: [ '2.0.2' ],
75 silly audit   'html-parse-stringify': [ '3.0.1' ],
75 silly audit   i18next: [ '25.8.4' ],
75 silly audit   'i18next-browser-languagedetector': [ '8.2.0' ],
75 silly audit   ignore: [ '5.3.2' ],
75 silly audit   'import-fresh': [ '3.3.1' ],
75 silly audit   imurmurhash: [ '0.1.4' ],
75 silly audit   inflight: [ '1.0.6' ],
75 silly audit   inherits: [ '2.0.4' ],
75 silly audit   internmap: [ '2.0.3' ],
75 silly audit   'is-extglob': [ '2.1.1' ],
75 silly audit   'is-glob': [ '4.0.3' ],
75 silly audit   'is-number': [ '7.0.0' ],
75 silly audit   'is-path-inside': [ '3.0.3' ],
75 silly audit   isexe: [ '2.0.0' ],
75 silly audit   jiti: [ '2.6.1' ],
75 silly audit   'js-tokens': [ '4.0.0' ],
75 silly audit   'js-yaml': [ '4.1.1' ],
75 silly audit   jsesc: [ '3.1.0' ],
75 silly audit   'json-buffer': [ '3.0.1' ],
75 silly audit   'json-schema-traverse': [ '0.4.1' ],
75 silly audit   'json-stable-stringify-without-jsonify': [ '1.0.1' ],
75 silly audit   json5: [ '2.2.3' ],
75 silly audit   jsonfile: [ '6.2.0' ],
75 silly audit   keyv: [ '4.5.4' ],
75 silly audit   levn: [ '0.4.1' ],
75 silly audit   lightningcss: [ '1.30.2' ],
75 silly audit   'lightningcss-android-arm64': [ '1.30.2' ],
75 silly audit   'lightningcss-darwin-arm64': [ '1.30.2' ],
75 silly audit   'lightningcss-darwin-x64': [ '1.30.2' ],
75 silly audit   'lightningcss-freebsd-x64': [ '1.30.2' ],
75 silly audit   'lightningcss-linux-arm-gnueabihf': [ '1.30.2' ],
75 silly audit   'lightningcss-linux-arm64-gnu': [ '1.30.2' ],
75 silly audit   'lightningcss-linux-arm64-musl': [ '1.30.2' ],
75 silly audit   'lightningcss-linux-x64-gnu': [ '1.30.2' ],
75 silly audit   'lightningcss-linux-x64-musl': [ '1.30.2' ],
75 silly audit   'lightningcss-win32-arm64-msvc': [ '1.30.2' ],
75 silly audit   'lightningcss-win32-x64-msvc': [ '1.30.2' ],
75 silly audit   'locate-path': [ '6.0.0' ],
75 silly audit   'lodash.merge': [ '4.6.2' ],
75 silly audit   'loose-envify': [ '1.4.0' ],
75 silly audit   'lru-cache': [ '5.1.1' ],
75 silly audit   'lucide-react': [ '0.300.0' ],
75 silly audit   'magic-string': [ '0.30.21' ],
75 silly audit   'math-intrinsics': [ '1.1.0' ],
75 silly audit   merge2: [ '1.4.1' ],
75 silly audit   micromatch: [ '4.0.8' ],
75 silly audit   'mime-db': [ '1.52.0' ],
75 silly audit   'mime-types': [ '2.1.35' ],
75 silly audit   'motion-dom': [ '11.18.1' ],
75 silly audit   'motion-utils': [ '11.18.1' ],
75 silly audit   ms: [ '2.1.3' ],
75 silly audit   nanoid: [ '3.3.11' ],
75 silly audit   'natural-compare': [ '1.4.0' ],
75 silly audit   'node-fetch': [ '2.7.0' ],
75 silly audit   'node-releases': [ '2.0.27' ],
75 silly audit   'nth-check': [ '2.1.1' ],
75 silly audit   once: [ '1.4.0' ],
75 silly audit   optionator: [ '0.9.4' ],
75 silly audit   'p-limit': [ '3.1.0' ],
75 silly audit   'p-locate': [ '5.0.0' ],
75 silly audit   'parent-module': [ '1.0.1' ],
75 silly audit   'path-exists': [ '4.0.0' ],
75 silly audit   'path-is-absolute': [ '1.0.1' ],
75 silly audit   'path-key': [ '3.1.1' ],
75 silly audit   'path-type': [ '4.0.0' ],
75 silly audit   pathe: [ '2.0.3' ],
75 silly audit   picocolors: [ '1.1.1' ],
75 silly audit   picomatch: [ '2.3.1' ],
75 silly audit   postcss: [ '8.5.6' ],
75 silly audit   'postcss-value-parser': [ '4.2.0' ],
75 silly audit   'prelude-ls': [ '1.2.1' ],
75 silly audit   'proxy-from-env': [ '1.1.0' ],
75 silly audit   punycode: [ '2.3.1' ],
75 silly audit   'queue-microtask': [ '1.2.3' ],
75 silly audit   react: [ '18.3.1' ],
75 silly audit   'react-dom': [ '18.3.1' ],
75 silly audit   'react-i18next': [ '16.5.4' ],
75 silly audit   'react-is': [ '19.2.4' ],
75 silly audit   'react-redux': [ '9.2.0' ],
75 silly audit   'react-refresh': [ '0.17.0' ],
75 silly audit   recharts: [ '3.7.0' ],
75 silly audit   redux: [ '5.0.1' ],
75 silly audit   'redux-thunk': [ '3.1.0' ],
75 silly audit   reselect: [ '5.1.1' ],
75 silly audit   'resolve-from': [ '4.0.0' ],
75 silly audit   reusify: [ '1.1.0' ],
75 silly audit   rimraf: [ '3.0.2' ],
75 silly audit   rollup: [ '4.57.1' ],
75 silly audit   'run-parallel': [ '1.2.0' ],
75 silly audit   sax: [ '1.4.4' ],
75 silly audit   scheduler: [ '0.23.2' ],
75 silly audit   'shebang-command': [ '2.0.0' ],
75 silly audit   'shebang-regex': [ '3.0.0' ],
75 silly audit   slash: [ '3.0.0' ],
75 silly audit   'source-map-js': [ '1.2.1' ],
75 silly audit   'strip-ansi': [ '6.0.1' ],
75 silly audit   'strip-json-comments': [ '3.1.1' ],
75 silly audit   'supports-color': [ '7.2.0' ],
75 silly audit   'tailwind-merge': [ '3.4.0' ],
75 silly audit   tailwindcss: [ '4.1.18' ],
75 silly audit   tapable: [ '2.3.0' ],
75 silly audit   'text-table': [ '0.2.0' ],
75 silly audit   'tiny-invariant': [ '1.3.3' ],
75 silly audit   'to-regex-range': [ '5.0.1' ],
75 silly audit   tr46: [ '0.0.3' ],
75 silly audit   'ts-api-utils': [ '1.4.3' ],
75 silly audit   tslib: [ '2.8.1' ],
75 silly audit   tweetnacl: [ '1.0.3' ],
75 silly audit   'tweetnacl-util': [ '0.15.1' ],
75 silly audit   'type-check': [ '0.4.0' ],
75 silly audit   'type-fest': [ '0.20.2' ],
75 silly audit   typescript: [ '5.9.3' ],
75 silly audit   'ua-parser-js': [ '1.0.41' ],
75 silly audit   universalify: [ '2.0.1' ],
75 silly audit   'update-browserslist-db': [ '1.2.3' ],
75 silly audit   'uri-js': [ '4.4.1' ],
75 silly audit   'use-sync-external-store': [ '1.6.0' ],
75 silly audit   'victory-vendor': [ '37.3.6' ],
75 silly audit   vite: [ '5.4.21' ],
75 silly audit   'void-elements': [ '3.1.0' ],
75 silly audit   'webidl-conversions': [ '3.0.1' ],
75 silly audit   'whatwg-url': [ '5.0.0' ],
75 silly audit   which: [ '2.0.2' ],
75 silly audit   'word-wrap': [ '1.2.5' ],
75 silly audit   wrappy: [ '1.0.2' ],
75 silly audit   yallist: [ '3.1.1' ],
75 silly audit   'yocto-queue': [ '0.1.0' ],
75 silly audit   zustand: [ '4.5.7' ],
75 silly audit   sharp: [ '0.34.5' ],
75 silly audit   svgo: [ '4.0.0' ],
75 silly audit   'vite-plugin-compression': [ '0.5.1' ],
75 silly audit   'vite-plugin-image-optimizer': [ '2.0.3' ]
75 silly audit }
76 http fetch POST 200 https://registry.npmjs.org/-/npm/v1/security/advisories/bulk 469ms
77 silly audit report {
77 silly audit report   esbuild: [
77 silly audit report     {
77 silly audit report       id: 1102341,
77 silly audit report       url: 'https://github.com/advisories/GHSA-67mh-4wv8-2f99',
77 silly audit report       title: 'esbuild enables any website to send any requests to the development server and read the response',
77 silly audit report       severity: 'moderate',
77 silly audit report       vulnerable_versions: '<=0.24.2',
77 silly audit report       cwe: [Array],
77 silly audit report       cvss: [Object]
77 silly audit report     }
77 silly audit report   ]
77 silly audit report }
78 silly packumentCache corgi:https://registry.npmjs.org/esbuild cache-miss
79 http cache https://registry.npmjs.org/esbuild 5ms (cache hit)
80 silly packumentCache corgi:https://registry.npmjs.org/esbuild set size:879341 disposed:false
81 silly packumentCache corgi:https://registry.npmjs.org/vite cache-miss
82 http cache https://registry.npmjs.org/vite 11ms (cache hit)
83 silly packumentCache corgi:https://registry.npmjs.org/vite set size:2181475 disposed:false
84 silly packumentCache corgi:https://registry.npmjs.org/@tailwindcss%2fvite cache-miss
85 silly packumentCache corgi:https://registry.npmjs.org/@vitejs%2fplugin-react cache-miss
86 silly packumentCache corgi:https://registry.npmjs.org/vite-plugin-compression cache-miss
87 silly packumentCache corgi:https://registry.npmjs.org/vite-plugin-image-optimizer cache-miss
88 http cache https://registry.npmjs.org/vite-plugin-image-optimizer 10ms (cache hit)
89 silly packumentCache corgi:https://registry.npmjs.org/vite-plugin-image-optimizer set size:47970 disposed:false
90 http cache https://registry.npmjs.org/vite-plugin-compression 13ms (cache hit)
91 silly packumentCache corgi:https://registry.npmjs.org/vite-plugin-compression set size:31143 disposed:false
92 http cache https://registry.npmjs.org/@vitejs%2fplugin-react 15ms (cache hit)
93 silly packumentCache corgi:https://registry.npmjs.org/@vitejs%2fplugin-react set size:106104 disposed:false
94 http cache https://registry.npmjs.org/@tailwindcss%2fvite 19ms (cache hit)
95 silly packumentCache corgi:https://registry.npmjs.org/@tailwindcss%2fvite set size:724271 disposed:false
96 verbose cwd /Users/grandmaestro/Documents/P2PHub/frontend
97 verbose os Darwin 25.2.0
98 verbose node v24.12.0
99 verbose npm  v11.6.2
100 verbose exit 0
101 info ok
